<?xml version="1.0" encoding="utf-8"?><testsuites name="pytest tests"><testsuite name="pytest" errors="1" failures="0" skipped="15" tests="29" time="1.273" timestamp="2026-02-06T18:38:20.723146+00:00" hostname="agent-env-bd570d11-6897-4e1d-99de-f1354a0a41c1"><testcase classname="backend.tests.test_p1_features_iter12.TestTokenSurveyDistributions" name="test_create_distribution" time="0.455"><skipped type="pytest.skip" message="No form available">/app/backend/tests/test_p1_features_iter12.py:102: No form available</skipped></testcase><testcase classname="backend.tests.test_p1_features_iter12.TestTokenSurveyDistributions" name="test_list_distributions" time="0.049" /><testcase classname="backend.tests.test_p1_features_iter12.TestTokenSurveyDistributions" name="test_get_distribution" time="0.049"><skipped type="pytest.skip" message="No distributions to test">/app/backend/tests/test_p1_features_iter12.py:136: No distributions to test</skipped></testcase><testcase classname="backend.tests.test_p1_features_iter12.TestTokenSurveyDistributions" name="test_activate_distribution" time="0.010"><skipped type="pytest.skip" message="No draft distribution to activate">/app/backend/tests/test_p1_features_iter12.py:155: No draft distribution to activate</skipped></testcase><testcase classname="backend.tests.test_p1_features_iter12.TestTokenSurveyInvites" name="test_create_invites" time="0.049"><skipped type="pytest.skip" message="No distribution available for invites">/app/backend/tests/test_p1_features_iter12.py:174: No distribution available for invites</skipped></testcase><testcase classname="backend.tests.test_p1_features_iter12.TestTokenSurveyInvites" name="test_list_invites" time="0.009"><skipped type="pytest.skip" message="No distributions available">/app/backend/tests/test_p1_features_iter12.py:198: No distributions available</skipped></testcase><testcase classname="backend.tests.test_p1_features_iter12.TestTokenSurveyPanels" name="test_create_panel" time="0.051" /><testcase classname="backend.tests.test_p1_features_iter12.TestTokenSurveyPanels" name="test_list_panels" time="0.008" /><testcase classname="backend.tests.test_p1_features_iter12.TestCATIProjects" name="test_create_cati_project" time="0.000"><skipped type="pytest.skip" message="No form available">/app/backend/tests/test_p1_features_iter12.py:242: No form available</skipped></testcase><testcase classname="backend.tests.test_p1_features_iter12.TestCATIProjects" name="test_list_cati_projects" time="0.051" /><testcase classname="backend.tests.test_p1_features_iter12.TestCATIProjects" name="test_get_cati_project" time="0.009"><skipped type="pytest.skip" message="No CATI projects to test">/app/backend/tests/test_p1_features_iter12.py:275: No CATI projects to test</skipped></testcase><testcase classname="backend.tests.test_p1_features_iter12.TestCATIProjects" name="test_activate_cati_project" time="0.051"><skipped type="pytest.skip" message="No setup CATI project to activate">/app/backend/tests/test_p1_features_iter12.py:292: No setup CATI project to activate</skipped></testcase><testcase classname="backend.tests.test_p1_features_iter12.TestCATIQueue" name="test_add_to_queue" time="0.008"><skipped type="pytest.skip" message="No CATI projects available">/app/backend/tests/test_p1_features_iter12.py:309: No CATI projects available</skipped></testcase><testcase classname="backend.tests.test_p1_features_iter12.TestCATIQueue" name="test_get_queue" time="0.008"><skipped type="pytest.skip" message="No CATI projects available">/app/backend/tests/test_p1_features_iter12.py:329: No CATI projects available</skipped></testcase><testcase classname="backend.tests.test_p1_features_iter12.TestBackcheckConfigs" name="test_create_backcheck_config" time="0.048"><error message="failed on setup with &quot;AttributeError: 'list' object has no attribute 'get'&quot;">backend/tests/test_p1_features_iter12.py:83: in project_id
    projects = res.json().get("projects", [])
               ^^^^^^^^^^^^^^
E   AttributeError: 'list' object has no attribute 'get'</error></testcase><testcase classname="backend.tests.test_p1_features_iter12.TestBackcheckConfigs" name="test_list_backcheck_configs" time="0.007" /><testcase classname="backend.tests.test_p1_features_iter12.TestBackcheckConfigs" name="test_get_backcheck_config" time="0.007"><skipped type="pytest.skip" message="No backcheck configs to test">/app/backend/tests/test_p1_features_iter12.py:380: No backcheck configs to test</skipped></testcase><testcase classname="backend.tests.test_p1_features_iter12.TestBackcheckQueue" name="test_get_backcheck_queue" time="0.049" /><testcase classname="backend.tests.test_p1_features_iter12.TestBackcheckQueue" name="test_get_backcheck_summary_report" time="0.009" /><testcase classname="backend.tests.test_p1_features_iter12.TestPreloadConfigs" name="test_create_preload_config" time="0.000"><skipped type="pytest.skip" message="No form available">/app/backend/tests/test_p1_features_iter12.py:418: No form available</skipped></testcase><testcase classname="backend.tests.test_p1_features_iter12.TestPreloadConfigs" name="test_list_preload_configs" time="0.007" /><testcase classname="backend.tests.test_p1_features_iter12.TestPreloadConfigs" name="test_get_preload_config" time="0.049"><skipped type="pytest.skip" message="No preload configs to test">/app/backend/tests/test_p1_features_iter12.py:464: No preload configs to test</skipped></testcase><testcase classname="backend.tests.test_p1_features_iter12.TestPreloadConfigs" name="test_delete_preload_config" time="0.007"><skipped type="pytest.skip" message="No test preload config to delete">/app/backend/tests/test_p1_features_iter12.py:481: No test preload config to delete</skipped></testcase><testcase classname="backend.tests.test_p1_features_iter12.TestWritebackConfigs" name="test_create_writeback_config" time="0.000"><skipped type="pytest.skip" message="No form available">/app/backend/tests/test_p1_features_iter12.py:492: No form available</skipped></testcase><testcase classname="backend.tests.test_p1_features_iter12.TestWritebackConfigs" name="test_list_writeback_configs" time="0.008" /><testcase classname="backend.tests.test_p1_features_iter12.TestPreloadLogs" name="test_get_preload_logs" time="0.050" /><testcase classname="backend.tests.test_p1_features_iter12.TestPreloadLogs" name="test_get_writeback_logs" time="0.008" /><testcase classname="backend.tests.test_p1_features_iter12.TestAPIHealth" name="test_api_root" time="0.078" /><testcase classname="backend.tests.test_p1_features_iter12.TestAPIHealth" name="test_health_check" time="0.035" /></testsuite></testsuites>