<?xml version="1.0" encoding="utf-8"?><testsuites name="pytest tests"><testsuite name="pytest" errors="0" failures="0" skipped="0" tests="9" time="2.377" timestamp="2026-02-07T18:51:59.542157+00:00" hostname="agent-env-54ddf08b-8f33-45e8-9e88-59fcdfdb7b83"><testcase classname="backend.tests.test_glm_mixed_dashboard_iter19.TestAuthLogin" name="test_login_success" time="0.287" /><testcase classname="backend.tests.test_glm_mixed_dashboard_iter19.TestGLMEndpoint" name="test_glm_endpoint_exists" time="0.309" /><testcase classname="backend.tests.test_glm_mixed_dashboard_iter19.TestGLMEndpoint" name="test_glm_endpoint_structure" time="0.323" /><testcase classname="backend.tests.test_glm_mixed_dashboard_iter19.TestMixedModelsEndpoint" name="test_mixed_models_endpoint_exists" time="0.335" /><testcase classname="backend.tests.test_glm_mixed_dashboard_iter19.TestDashboardBuilderEndpoint" name="test_dashboard_list_endpoint_exists" time="0.309" /><testcase classname="backend.tests.test_glm_mixed_dashboard_iter19.TestDashboardBuilderEndpoint" name="test_dashboard_create_endpoint_exists" time="0.318" /><testcase classname="backend.tests.test_glm_mixed_dashboard_iter19.TestTTestValidation" name="test_ttest_error_message_for_multiple_groups" time="0.365" /><testcase classname="backend.tests.test_glm_mixed_dashboard_iter19.TestHealthAndRoot" name="test_api_health" time="0.036" /><testcase classname="backend.tests.test_glm_mixed_dashboard_iter19.TestHealthAndRoot" name="test_api_root" time="0.039" /></testsuite></testsuites>