<?xml version="1.0" encoding="utf-8"?><testsuites name="pytest tests"><testsuite name="pytest" errors="0" failures="0" skipped="0" tests="19" time="1.541" timestamp="2026-02-05T18:37:13.520695+00:00" hostname="agent-env-1607f0ca-3484-4c54-9197-7b4d97255104"><testcase classname="backend.tests.test_iteration8_features.TestHealthAndSetup" name="test_api_health" time="0.063" /><testcase classname="backend.tests.test_iteration8_features.TestHealthAndSetup" name="test_api_root" time="0.047" /><testcase classname="backend.tests.test_iteration8_features.TestAuthentication" name="test_auth_provides_token" time="0.263" /><testcase classname="backend.tests.test_iteration8_features.TestDuplicateDetectionRules" name="test_get_duplicate_rules_unauthenticated" time="0.042" /><testcase classname="backend.tests.test_iteration8_features.TestDuplicateDetectionRules" name="test_get_duplicate_rules_default" time="0.360" /><testcase classname="backend.tests.test_iteration8_features.TestDuplicateDetectionRules" name="test_create_duplicate_rule" time="0.040" /><testcase classname="backend.tests.test_iteration8_features.TestDuplicateChecking" name="test_check_duplicates_requires_auth" time="0.039" /><testcase classname="backend.tests.test_iteration8_features.TestDuplicateChecking" name="test_check_duplicates_no_matches" time="0.039" /><testcase classname="backend.tests.test_iteration8_features.TestDuplicateStats" name="test_get_duplicate_stats_requires_auth" time="0.034" /><testcase classname="backend.tests.test_iteration8_features.TestDuplicateStats" name="test_get_duplicate_stats" time="0.040" /><testcase classname="backend.tests.test_iteration8_features.TestFormVersioning" name="test_get_versions_requires_auth" time="0.036" /><testcase classname="backend.tests.test_iteration8_features.TestFormVersioning" name="test_get_form_versions" time="0.037" /><testcase classname="backend.tests.test_iteration8_features.TestFormVersioning" name="test_save_form_version" time="0.044" /><testcase classname="backend.tests.test_iteration8_features.TestVersionComparison" name="test_compare_versions_requires_auth" time="0.039" /><testcase classname="backend.tests.test_iteration8_features.TestVersionComparison" name="test_compare_versions" time="0.038" /><testcase classname="backend.tests.test_iteration8_features.TestVersionChangelog" name="test_changelog_requires_auth" time="0.078" /><testcase classname="backend.tests.test_iteration8_features.TestVersionChangelog" name="test_get_changelog" time="0.045" /><testcase classname="backend.tests.test_iteration8_features.TestDuplicateFlaggedSubmissions" name="test_get_flagged_duplicates" time="0.040" /><testcase classname="backend.tests.test_iteration8_features.TestEndpointSummary" name="test_all_new_endpoints_accessible" time="0.158" /></testsuite></testsuites>