<?xml version="1.0" encoding="utf-8"?><testsuites name="pytest tests"><testsuite name="pytest" errors="0" failures="0" skipped="0" tests="9" time="1.043" timestamp="2026-02-05T16:57:58.734188+00:00" hostname="agent-env-4136e699-5564-48ca-8082-cb9f2eb0d5a0"><testcase classname="tests.test_new_features.TestMediaUploadAPI" name="test_media_limits_endpoint" time="0.093" /><testcase classname="tests.test_new_features.TestMediaUploadAPI" name="test_media_upload_invalid_type" time="0.337" /><testcase classname="tests.test_new_features.TestMediaUploadAPI" name="test_media_upload_photo" time="0.062" /><testcase classname="tests.test_new_features.TestPWAAssets" name="test_manifest_accessible" time="0.043" /><testcase classname="tests.test_new_features.TestPWAAssets" name="test_service_worker_accessible" time="0.047" /><testcase classname="tests.test_new_features.TestHealthAndAuth" name="test_health_check" time="0.038" /><testcase classname="tests.test_new_features.TestHealthAndAuth" name="test_login" time="0.273" /><testcase classname="tests.test_new_features.TestFormAPI" name="test_auth_me_endpoint" time="0.038" /><testcase classname="tests.test_new_features.TestFormAPI" name="test_api_endpoints_structure" time="0.039" /></testsuite></testsuites>