<?xml version="1.0" encoding="utf-8"?><testsuites name="pytest tests"><testsuite name="pytest" errors="0" failures="0" skipped="1" tests="14" time="0.678" timestamp="2026-02-08T08:40:16.429483+00:00" hostname="agent-env-54ddf08b-8f33-45e8-9e88-59fcdfdb7b83"><testcase classname="tests.test_dashboard_drilldown_charts_iter24.TestHeatmapEndpoint" name="test_heatmap_endpoint_exists" time="0.381" /><testcase classname="tests.test_dashboard_drilldown_charts_iter24.TestHeatmapEndpoint" name="test_heatmap_requires_two_variables" time="0.014" /><testcase classname="tests.test_dashboard_drilldown_charts_iter24.TestHeatmapEndpoint" name="test_heatmap_validation" time="0.013" /><testcase classname="tests.test_dashboard_drilldown_charts_iter24.TestViolinEndpoint" name="test_violin_endpoint_exists" time="0.014" /><testcase classname="tests.test_dashboard_drilldown_charts_iter24.TestViolinEndpoint" name="test_violin_with_group_var" time="0.016" /><testcase classname="tests.test_dashboard_drilldown_charts_iter24.TestViolinEndpoint" name="test_violin_validation" time="0.012" /><testcase classname="tests.test_dashboard_drilldown_charts_iter24.TestViolinEndpoint" name="test_violin_response_structure" time="0.012" /><testcase classname="tests.test_dashboard_drilldown_charts_iter24.TestCoefficientEndpoint" name="test_coefficient_endpoint_exists" time="0.011" /><testcase classname="tests.test_dashboard_drilldown_charts_iter24.TestCoefficientEndpoint" name="test_coefficient_requires_vars" time="0.011" /><testcase classname="tests.test_dashboard_drilldown_charts_iter24.TestCoefficientEndpoint" name="test_coefficient_validation" time="0.010" /><testcase classname="tests.test_dashboard_drilldown_charts_iter24.TestCoefficientEndpoint" name="test_coefficient_response_structure" time="0.051" /><testcase classname="tests.test_dashboard_drilldown_charts_iter24.TestChartTypesList" name="test_quick_stats_for_charts" time="0.000"><skipped type="pytest.skip" message="No form available for testing">/app/backend/tests/test_dashboard_drilldown_charts_iter24.py:218: No form available for testing</skipped></testcase><testcase classname="tests.test_dashboard_drilldown_charts_iter24.TestDashboardAPIs" name="test_list_dashboards" time="0.054" /><testcase classname="tests.test_dashboard_drilldown_charts_iter24.TestDashboardAPIs" name="test_dashboard_data_endpoint" time="0.014" /></testsuite></testsuites>