<?xml version="1.0" encoding="utf-8"?><testsuites name="pytest tests"><testsuite name="pytest" errors="0" failures="0" skipped="9" tests="14" time="0.895" timestamp="2026-02-06T20:18:13.668034+00:00" hostname="agent-env-bd570d11-6897-4e1d-99de-f1354a0a41c1"><testcase classname="tests.test_quality_ai_p2.TestQualityAIBackend" name="test_api_health" time="0.067" /><testcase classname="tests.test_quality_ai_p2.TestQualityAIBackend" name="test_create_speeding_config" time="0.339"><skipped type="pytest.skip" message="Could not get or create organization">/app/backend/tests/test_quality_ai_p2.py:110: Could not get or create organization</skipped></testcase><testcase classname="tests.test_quality_ai_p2.TestQualityAIBackend" name="test_list_speeding_configs" time="0.000"><skipped type="pytest.skip" message="Could not get or create organization">/app/backend/tests/test_quality_ai_p2.py:134: Could not get or create organization</skipped></testcase><testcase classname="tests.test_quality_ai_p2.TestQualityAIBackend" name="test_create_audio_audit_config" time="0.000"><skipped type="pytest.skip" message="Could not get or create organization">/app/backend/tests/test_quality_ai_p2.py:147: Could not get or create organization</skipped></testcase><testcase classname="tests.test_quality_ai_p2.TestQualityAIBackend" name="test_list_audio_audit_configs" time="0.000"><skipped type="pytest.skip" message="Could not get or create organization">/app/backend/tests/test_quality_ai_p2.py:170: Could not get or create organization</skipped></testcase><testcase classname="tests.test_quality_ai_p2.TestQualityAIBackend" name="test_create_ai_monitoring_config" time="0.000"><skipped type="pytest.skip" message="Could not get or create organization">/app/backend/tests/test_quality_ai_p2.py:183: Could not get or create organization</skipped></testcase><testcase classname="tests.test_quality_ai_p2.TestQualityAIBackend" name="test_list_ai_monitoring_configs" time="0.000"><skipped type="pytest.skip" message="Could not get or create organization">/app/backend/tests/test_quality_ai_p2.py:210: Could not get or create organization</skipped></testcase><testcase classname="tests.test_quality_ai_p2.TestQualityAIBackend" name="test_get_quality_alerts" time="0.000"><skipped type="pytest.skip" message="Could not get or create organization">/app/backend/tests/test_quality_ai_p2.py:223: Could not get or create organization</skipped></testcase><testcase classname="tests.test_quality_ai_p2.TestQualityAIBackend" name="test_get_alerts_summary" time="0.000"><skipped type="pytest.skip" message="Could not get or create organization">/app/backend/tests/test_quality_ai_p2.py:236: Could not get or create organization</skipped></testcase><testcase classname="tests.test_quality_ai_p2.TestQualityAIBackend" name="test_run_batch_analysis" time="0.000"><skipped type="pytest.skip" message="Could not get or create organization">/app/backend/tests/test_quality_ai_p2.py:251: Could not get or create organization</skipped></testcase><testcase classname="tests.test_quality_ai_p2.TestQualityAIEdgeCases" name="test_analyze_nonexistent_submission_speed" time="0.279" /><testcase classname="tests.test_quality_ai_p2.TestQualityAIEdgeCases" name="test_audio_check_nonexistent_submission" time="0.012" /><testcase classname="tests.test_quality_ai_p2.TestQualityAIEdgeCases" name="test_ai_analyze_nonexistent_submission" time="0.013" /><testcase classname="tests.test_quality_ai_p2.TestQualityAIEdgeCases" name="test_resolve_nonexistent_alert" time="0.053" /></testsuite></testsuites>