<?xml version="1.0" encoding="utf-8"?><testsuites name="pytest tests"><testsuite name="pytest" errors="0" failures="0" skipped="1" tests="10" time="3.239" timestamp="2026-02-08T08:20:42.644458+00:00" hostname="agent-env-54ddf08b-8f33-45e8-9e88-59fcdfdb7b83"><testcase classname="backend.tests.test_missing_data_imputation_iter23.TestMissingDataImputation" name="test_missing_summary_endpoint_exists" time="0.323" /><testcase classname="backend.tests.test_missing_data_imputation_iter23.TestMissingDataImputation" name="test_missing_summary_response_structure" time="0.292" /><testcase classname="backend.tests.test_missing_data_imputation_iter23.TestMissingDataImputation" name="test_missing_summary_variable_details" time="0.297" /><testcase classname="backend.tests.test_missing_data_imputation_iter23.TestMissingDataImputation" name="test_missing_summary_with_snapshot" time="0.295" /><testcase classname="backend.tests.test_missing_data_imputation_iter23.TestMissingDataImputation" name="test_preview_imputation_endpoint_exists" time="0.305" /><testcase classname="backend.tests.test_missing_data_imputation_iter23.TestMissingDataImputation" name="test_preview_imputation_with_variables" time="0.300"><skipped type="pytest.skip" message="No variables available for preview test">/app/backend/tests/test_missing_data_imputation_iter23.py:155: No variables available for preview test</skipped></testcase><testcase classname="backend.tests.test_missing_data_imputation_iter23.TestMissingDataImputation" name="test_preview_all_imputation_methods" time="0.472" /><testcase classname="backend.tests.test_missing_data_imputation_iter23.TestMissingDataImputation" name="test_apply_imputation_requires_create_snapshot" time="0.293" /><testcase classname="backend.tests.test_missing_data_imputation_iter23.TestMissingDataImputation" name="test_apply_imputation_endpoint_exists" time="0.324" /><testcase classname="backend.tests.test_missing_data_imputation_iter23.TestImputationMethodValidation" name="test_invalid_method_rejected" time="0.279" /></testsuite></testsuites>