<?xml version="1.0" encoding="utf-8"?><testsuites name="pytest tests"><testsuite name="pytest" errors="0" failures="0" skipped="0" tests="14" time="1.262" timestamp="2026-02-07T10:53:32.235599+00:00" hostname="agent-env-e8a1c69a-cb31-46da-bfc0-b859a1ea1dea"><testcase classname="backend.tests.test_advanced_stats_iter17.TestANOVA" name="test_anova_with_post_hoc" time="0.786" /><testcase classname="backend.tests.test_advanced_stats_iter17.TestANOVA" name="test_anova_without_post_hoc" time="0.015" /><testcase classname="backend.tests.test_advanced_stats_iter17.TestANOVA" name="test_anova_missing_variable" time="0.013" /><testcase classname="backend.tests.test_advanced_stats_iter17.TestCorrelation" name="test_pearson_correlation" time="0.017" /><testcase classname="backend.tests.test_advanced_stats_iter17.TestCorrelation" name="test_spearman_correlation" time="0.018" /><testcase classname="backend.tests.test_advanced_stats_iter17.TestCorrelation" name="test_kendall_correlation" time="0.013" /><testcase classname="backend.tests.test_advanced_stats_iter17.TestCorrelation" name="test_correlation_requires_two_variables" time="0.014" /><testcase classname="backend.tests.test_advanced_stats_iter17.TestRegression" name="test_ols_regression" time="0.171" /><testcase classname="backend.tests.test_advanced_stats_iter17.TestRegression" name="test_ols_regression_robust_se" time="0.016" /><testcase classname="backend.tests.test_advanced_stats_iter17.TestRegression" name="test_regression_missing_dependent" time="0.009" /><testcase classname="backend.tests.test_advanced_stats_iter17.TestTTest" name="test_one_sample_ttest" time="0.010" /><testcase classname="backend.tests.test_advanced_stats_iter17.TestTTest" name="test_independent_ttest_requires_two_groups" time="0.050" /><testcase classname="backend.tests.test_advanced_stats_iter17.TestTTest" name="test_independent_ttest_missing_group_var" time="0.010" /><testcase classname="backend.tests.test_advanced_stats_iter17.TestDescriptives" name="test_descriptives_with_normality" time="0.012" /></testsuite></testsuites>