<?xml version="1.0" encoding="utf-8"?><testsuites name="pytest tests"><testsuite name="pytest" errors="0" failures="1" skipped="0" tests="23" time="2.951" timestamp="2026-02-05T20:00:30.944834+00:00" hostname="agent-env-a5ee39d0-239d-4893-bcd1-f87f759225b7"><testcase classname="tests.test_new_analytics_rbac_workflows_translations.TestAnalyticsAPI" name="test_analytics_overview" time="0.405" /><testcase classname="tests.test_new_analytics_rbac_workflows_translations.TestAnalyticsAPI" name="test_analytics_overview_with_period" time="0.219" /><testcase classname="tests.test_new_analytics_rbac_workflows_translations.TestAnalyticsAPI" name="test_submissions_analytics" time="0.040" /><testcase classname="tests.test_new_analytics_rbac_workflows_translations.TestAnalyticsAPI" name="test_quality_analytics" time="0.038" /><testcase classname="tests.test_new_analytics_rbac_workflows_translations.TestAnalyticsAPI" name="test_performance_analytics" time="0.042" /><testcase classname="tests.test_new_analytics_rbac_workflows_translations.TestRBACAPI" name="test_get_permissions" time="0.306" /><testcase classname="tests.test_new_analytics_rbac_workflows_translations.TestRBACAPI" name="test_get_default_roles" time="0.039" /><testcase classname="tests.test_new_analytics_rbac_workflows_translations.TestRBACAPI" name="test_get_organization_roles" time="0.076" /><testcase classname="tests.test_new_analytics_rbac_workflows_translations.TestRBACAPI" name="test_create_custom_role" time="0.059" /><testcase classname="tests.test_new_analytics_rbac_workflows_translations.TestRBACAPI" name="test_cannot_modify_system_role" time="0.043" /><testcase classname="tests.test_new_analytics_rbac_workflows_translations.TestWorkflowsAPI" name="test_get_triggers" time="0.304" /><testcase classname="tests.test_new_analytics_rbac_workflows_translations.TestWorkflowsAPI" name="test_get_actions" time="0.036" /><testcase classname="tests.test_new_analytics_rbac_workflows_translations.TestWorkflowsAPI" name="test_get_operators" time="0.038" /><testcase classname="tests.test_new_analytics_rbac_workflows_translations.TestWorkflowsAPI" name="test_get_workflows" time="0.077" /><testcase classname="tests.test_new_analytics_rbac_workflows_translations.TestWorkflowsAPI" name="test_create_workflow" time="0.048" /><testcase classname="tests.test_new_analytics_rbac_workflows_translations.TestWorkflowsAPI" name="test_get_workflow_templates" time="0.038"><failure message="AssertionError: Failed: {&quot;detail&quot;:&quot;Workflow not found&quot;}&#10;assert 404 == 200&#10; +  where 404 = &lt;Response [404]&gt;.status_code">tests/test_new_analytics_rbac_workflows_translations.py:321: in test_get_workflow_templates
    assert response.status_code == 200, f"Failed: {response.text}"
E   AssertionError: Failed: {"detail":"Workflow not found"}
E   assert 404 == 200
E    +  where 404 = &lt;Response [404]&gt;.status_code</failure></testcase><testcase classname="tests.test_new_analytics_rbac_workflows_translations.TestTranslationsAPI" name="test_get_languages" time="0.309" /><testcase classname="tests.test_new_analytics_rbac_workflows_translations.TestTranslationsAPI" name="test_translate_text" time="0.037" /><testcase classname="tests.test_new_analytics_rbac_workflows_translations.TestTranslationsAPI" name="test_translate_to_french" time="0.039" /><testcase classname="tests.test_new_analytics_rbac_workflows_translations.TestTranslationsAPI" name="test_translate_to_arabic" time="0.033" /><testcase classname="tests.test_new_analytics_rbac_workflows_translations.TestTranslationsAPI" name="test_bulk_translate" time="0.037" /><testcase classname="tests.test_new_analytics_rbac_workflows_translations.TestTranslationsAPI" name="test_get_glossary" time="0.114" /><testcase classname="tests.test_new_analytics_rbac_workflows_translations.TestIntegration" name="test_full_workflow_creation_flow" time="0.458" /></testsuite></testsuites>