<?xml version="1.0" encoding="utf-8"?><testsuites name="pytest tests"><testsuite name="pytest" errors="0" failures="0" skipped="0" tests="17" time="1.222" timestamp="2026-02-06T21:58:21.976211+00:00" hostname="agent-env-b3fcf981-0360-40df-b561-ba095958f3b0"><testcase classname="backend.tests.test_gap_features_iter15.TestDeviceManagementAPIs" name="test_device_registration" time="0.096" /><testcase classname="backend.tests.test_gap_features_iter15.TestDeviceManagementAPIs" name="test_get_my_devices" time="0.076" /><testcase classname="backend.tests.test_gap_features_iter15.TestDeviceManagementAPIs" name="test_list_org_devices" time="0.042" /><testcase classname="backend.tests.test_gap_features_iter15.TestDeviceManagementAPIs" name="test_device_stats" time="0.040" /><testcase classname="backend.tests.test_gap_features_iter15.TestDeviceManagementAPIs" name="test_device_lock_unlock_flow" time="0.146" /><testcase classname="backend.tests.test_gap_features_iter15.TestDeviceManagementAPIs" name="test_device_wipe_flow" time="0.131" /><testcase classname="backend.tests.test_gap_features_iter15.TestDeviceManagementAPIs" name="test_device_revoke" time="0.101" /><testcase classname="backend.tests.test_gap_features_iter15.TestDeviceManagementAPIs" name="test_device_heartbeat" time="0.067" /><testcase classname="backend.tests.test_gap_features_iter15.TestDeviceManagementAPIs" name="test_device_activity_log" time="0.067" /><testcase classname="backend.tests.test_gap_features_iter15.TestDeviceManagementAPIs" name="test_bulk_wipe" time="0.100" /><testcase classname="backend.tests.test_gap_features_iter15.TestSimulationAPIs" name="test_list_simulation_reports_empty" time="0.034" /><testcase classname="backend.tests.test_gap_features_iter15.TestSimulationAPIs" name="test_quick_check_form_not_found" time="0.037" /><testcase classname="backend.tests.test_gap_features_iter15.TestSimulationAPIs" name="test_run_simulation_form_not_found" time="0.033" /><testcase classname="backend.tests.test_gap_features_iter15.TestSimulationAPIs" name="test_simulation_with_real_form" time="0.032" /><testcase classname="backend.tests.test_gap_features_iter15.TestDeviceStatsEndpoint" name="test_device_stats_structure" time="0.034" /><testcase classname="backend.tests.test_gap_features_iter15.TestSimulationReportsEndpoint" name="test_simulation_reports_returns_array" time="0.034" /><testcase classname="backend.tests.test_gap_features_iter15.TestDeviceCheckEndpoint" name="test_device_check_not_found" time="0.031" /></testsuite></testsuites>