<?xml version="1.0" encoding="utf-8"?><testsuites name="pytest tests"><testsuite name="pytest" errors="0" failures="1" skipped="6" tests="47" time="7.963" timestamp="2026-02-06T21:32:50.064571+00:00" hostname="agent-env-b3fcf981-0360-40df-b561-ba095958f3b0"><testcase classname="backend.tests.test_comprehensive_iter14.TestAuthentication" name="test_login_success" time="0.315" /><testcase classname="backend.tests.test_comprehensive_iter14.TestAuthentication" name="test_login_invalid_credentials" time="0.040" /><testcase classname="backend.tests.test_comprehensive_iter14.TestAuthentication" name="test_get_current_user" time="0.294" /><testcase classname="backend.tests.test_comprehensive_iter14.TestHealthCheck" name="test_api_root" time="0.034" /><testcase classname="backend.tests.test_comprehensive_iter14.TestHealthCheck" name="test_health_endpoint" time="0.042" /><testcase classname="backend.tests.test_comprehensive_iter14.TestOrganizations" name="test_list_organizations" time="0.292" /><testcase classname="backend.tests.test_comprehensive_iter14.TestOrganizations" name="test_get_organization" time="0.071" /><testcase classname="backend.tests.test_comprehensive_iter14.TestOrganizations" name="test_get_org_members" time="0.035" /><testcase classname="backend.tests.test_comprehensive_iter14.TestProjects" name="test_list_projects" time="0.328" /><testcase classname="backend.tests.test_comprehensive_iter14.TestProjects" name="test_create_project" time="0.041" /><testcase classname="backend.tests.test_comprehensive_iter14.TestProjects" name="test_get_project" time="0.071" /><testcase classname="backend.tests.test_comprehensive_iter14.TestForms" name="test_list_forms" time="0.329" /><testcase classname="backend.tests.test_comprehensive_iter14.TestForms" name="test_create_form" time="0.065"><failure message="assert 422 == 200&#10; +  where 422 = &lt;Response [422]&gt;.status_code">backend/tests/test_comprehensive_iter14.py:243: in test_create_form
    assert response.status_code == 200
E   assert 422 == 200
E    +  where 422 = &lt;Response [422]&gt;.status_code</failure></testcase><testcase classname="backend.tests.test_comprehensive_iter14.TestDashboard" name="test_get_dashboard_stats" time="0.328" /><testcase classname="backend.tests.test_comprehensive_iter14.TestDashboard" name="test_get_submission_trends" time="0.033" /><testcase classname="backend.tests.test_comprehensive_iter14.TestDashboard" name="test_get_quality_metrics" time="0.033" /><testcase classname="backend.tests.test_comprehensive_iter14.TestCATI" name="test_list_cati_projects" time="0.359" /><testcase classname="backend.tests.test_comprehensive_iter14.TestCATI" name="test_create_cati_project" time="0.073"><skipped type="pytest.skip" message="Could not create test form">/app/backend/tests/test_comprehensive_iter14.py:290: Could not create test form</skipped></testcase><testcase classname="backend.tests.test_comprehensive_iter14.TestCATI" name="test_get_cati_workstation" time="0.032" /><testcase classname="backend.tests.test_comprehensive_iter14.TestBackcheck" name="test_list_backcheck_configs" time="0.326" /><testcase classname="backend.tests.test_comprehensive_iter14.TestBackcheck" name="test_create_backcheck_config" time="0.068"><skipped type="pytest.skip" message="Could not create test form">/app/backend/tests/test_comprehensive_iter14.py:320: Could not create test form</skipped></testcase><testcase classname="backend.tests.test_comprehensive_iter14.TestTokenSurveys" name="test_list_distributions" time="0.370" /><testcase classname="backend.tests.test_comprehensive_iter14.TestTokenSurveys" name="test_create_distribution" time="0.114"><skipped type="pytest.skip" message="Could not create test form">/app/backend/tests/test_comprehensive_iter14.py:348: Could not create test form</skipped></testcase><testcase classname="backend.tests.test_comprehensive_iter14.TestQualityAI" name="test_get_speeding_configs" time="0.366" /><testcase classname="backend.tests.test_comprehensive_iter14.TestQualityAI" name="test_create_speeding_config" time="0.071"><skipped type="pytest.skip" message="Could not create test form">/app/backend/tests/test_comprehensive_iter14.py:371: Could not create test form</skipped></testcase><testcase classname="backend.tests.test_comprehensive_iter14.TestQualityAI" name="test_get_audio_audit_configs" time="0.042" /><testcase classname="backend.tests.test_comprehensive_iter14.TestQualityAI" name="test_get_quality_alerts" time="0.033" /><testcase classname="backend.tests.test_comprehensive_iter14.TestQualityAI" name="test_get_alert_summary" time="0.035" /><testcase classname="backend.tests.test_comprehensive_iter14.TestPreloadWriteback" name="test_list_preload_configs" time="0.326" /><testcase classname="backend.tests.test_comprehensive_iter14.TestPreloadWriteback" name="test_create_preload_config" time="0.065"><skipped type="pytest.skip" message="Could not create test form">/app/backend/tests/test_comprehensive_iter14.py:410: Could not create test form</skipped></testcase><testcase classname="backend.tests.test_comprehensive_iter14.TestDatasets" name="test_list_datasets" time="0.323" /><testcase classname="backend.tests.test_comprehensive_iter14.TestDatasets" name="test_create_dataset" time="0.054" /><testcase classname="backend.tests.test_comprehensive_iter14.TestAnalytics" name="test_get_analytics_overview" time="0.340" /><testcase classname="backend.tests.test_comprehensive_iter14.TestRBAC" name="test_get_permissions" time="0.291" /><testcase classname="backend.tests.test_comprehensive_iter14.TestRBAC" name="test_get_default_roles" time="0.031" /><testcase classname="backend.tests.test_comprehensive_iter14.TestRBAC" name="test_list_org_roles" time="0.067" /><testcase classname="backend.tests.test_comprehensive_iter14.TestWorkflows" name="test_get_trigger_types" time="0.291" /><testcase classname="backend.tests.test_comprehensive_iter14.TestWorkflows" name="test_get_action_types" time="0.032" /><testcase classname="backend.tests.test_comprehensive_iter14.TestWorkflows" name="test_list_workflows" time="0.079" /><testcase classname="backend.tests.test_comprehensive_iter14.TestWorkflows" name="test_get_workflow_templates" time="0.034" /><testcase classname="backend.tests.test_comprehensive_iter14.TestTranslations" name="test_get_supported_languages" time="0.301" /><testcase classname="backend.tests.test_comprehensive_iter14.TestTranslations" name="test_translate_text" time="0.073" /><testcase classname="backend.tests.test_comprehensive_iter14.TestSecurity" name="test_list_api_keys" time="0.319" /><testcase classname="backend.tests.test_comprehensive_iter14.TestAdmin" name="test_admin_dashboard" time="0.293" /><testcase classname="backend.tests.test_comprehensive_iter14.TestAdmin" name="test_admin_organizations" time="0.035" /><testcase classname="backend.tests.test_comprehensive_iter14.TestParadata" name="test_create_paradata_session" time="0.353"><skipped type="pytest.skip" message="Could not create test form">/app/backend/tests/test_comprehensive_iter14.py:570: Could not create test form</skipped></testcase><testcase classname="backend.tests.test_comprehensive_iter14.TestRevisions" name="test_create_correction_request" time="0.295" /></testsuite></testsuites>