<?xml version="1.0" encoding="utf-8"?><testsuites name="pytest tests"><testsuite name="pytest" errors="0" failures="0" skipped="0" tests="23" time="2.777" timestamp="2026-02-05T20:04:11.843988+00:00" hostname="agent-env-a5ee39d0-239d-4893-bcd1-f87f759225b7"><testcase classname="tests.test_new_analytics_rbac_workflows_translations.TestAnalyticsAPI" name="test_analytics_overview" time="0.387" /><testcase classname="tests.test_new_analytics_rbac_workflows_translations.TestAnalyticsAPI" name="test_analytics_overview_with_period" time="0.214" /><testcase classname="tests.test_new_analytics_rbac_workflows_translations.TestAnalyticsAPI" name="test_submissions_analytics" time="0.039" /><testcase classname="tests.test_new_analytics_rbac_workflows_translations.TestAnalyticsAPI" name="test_quality_analytics" time="0.039" /><testcase classname="tests.test_new_analytics_rbac_workflows_translations.TestAnalyticsAPI" name="test_performance_analytics" time="0.040" /><testcase classname="tests.test_new_analytics_rbac_workflows_translations.TestRBACAPI" name="test_get_permissions" time="0.301" /><testcase classname="tests.test_new_analytics_rbac_workflows_translations.TestRBACAPI" name="test_get_default_roles" time="0.036" /><testcase classname="tests.test_new_analytics_rbac_workflows_translations.TestRBACAPI" name="test_get_organization_roles" time="0.079" /><testcase classname="tests.test_new_analytics_rbac_workflows_translations.TestRBACAPI" name="test_create_custom_role" time="0.039" /><testcase classname="tests.test_new_analytics_rbac_workflows_translations.TestRBACAPI" name="test_cannot_modify_system_role" time="0.038" /><testcase classname="tests.test_new_analytics_rbac_workflows_translations.TestWorkflowsAPI" name="test_get_triggers" time="0.306" /><testcase classname="tests.test_new_analytics_rbac_workflows_translations.TestWorkflowsAPI" name="test_get_actions" time="0.040" /><testcase classname="tests.test_new_analytics_rbac_workflows_translations.TestWorkflowsAPI" name="test_get_operators" time="0.038" /><testcase classname="tests.test_new_analytics_rbac_workflows_translations.TestWorkflowsAPI" name="test_get_workflows" time="0.080" /><testcase classname="tests.test_new_analytics_rbac_workflows_translations.TestWorkflowsAPI" name="test_create_workflow" time="0.039" /><testcase classname="tests.test_new_analytics_rbac_workflows_translations.TestWorkflowsAPI" name="test_get_workflow_templates" time="0.039" /><testcase classname="tests.test_new_analytics_rbac_workflows_translations.TestTranslationsAPI" name="test_get_languages" time="0.304" /><testcase classname="tests.test_new_analytics_rbac_workflows_translations.TestTranslationsAPI" name="test_translate_text" time="0.039" /><testcase classname="tests.test_new_analytics_rbac_workflows_translations.TestTranslationsAPI" name="test_translate_to_french" time="0.037" /><testcase classname="tests.test_new_analytics_rbac_workflows_translations.TestTranslationsAPI" name="test_translate_to_arabic" time="0.036" /><testcase classname="tests.test_new_analytics_rbac_workflows_translations.TestTranslationsAPI" name="test_bulk_translate" time="0.040" /><testcase classname="tests.test_new_analytics_rbac_workflows_translations.TestTranslationsAPI" name="test_get_glossary" time="0.083" /><testcase classname="tests.test_new_analytics_rbac_workflows_translations.TestIntegration" name="test_full_workflow_creation_flow" time="0.418" /></testsuite></testsuites>