<?xml version="1.0" encoding="utf-8"?><testsuites name="pytest tests"><testsuite name="pytest" errors="0" failures="1" skipped="1" tests="9" time="1.306" timestamp="2026-02-05T16:56:56.363763+00:00" hostname="agent-env-4136e699-5564-48ca-8082-cb9f2eb0d5a0"><testcase classname="tests.test_new_features.TestMediaUploadAPI" name="test_media_limits_endpoint" time="0.059" /><testcase classname="tests.test_new_features.TestMediaUploadAPI" name="test_media_upload_invalid_type" time="0.368" /><testcase classname="tests.test_new_features.TestMediaUploadAPI" name="test_media_upload_photo" time="0.049" /><testcase classname="tests.test_new_features.TestPWAAssets" name="test_manifest_accessible" time="0.045" /><testcase classname="tests.test_new_features.TestPWAAssets" name="test_service_worker_accessible" time="0.040" /><testcase classname="tests.test_new_features.TestHealthAndAuth" name="test_health_check" time="0.044" /><testcase classname="tests.test_new_features.TestHealthAndAuth" name="test_login" time="0.267" /><testcase classname="tests.test_new_features.TestFormAPI" name="test_list_forms" time="0.053"><failure message="assert 401 == 200&#10; +  where 401 = &lt;Response [401]&gt;.status_code">tests/test_new_features.py:220: in test_list_forms
    assert response.status_code == 200
E   assert 401 == 200
E    +  where 401 = &lt;Response [401]&gt;.status_code</failure></testcase><testcase classname="tests.test_new_features.TestFormAPI" name="test_form_builder_field_types_available" time="0.288"><skipped type="pytest.skip" message="No projects available for testing">/app/backend/tests/test_new_features.py:237: No projects available for testing</skipped></testcase></testsuite></testsuites>