<?xml version="1.0" encoding="utf-8"?><testsuites name="pytest tests"><testsuite name="pytest" errors="0" failures="1" skipped="0" tests="21" time="1.124" timestamp="2026-02-05T17:39:24.485873+00:00" hostname="agent-env-1607f0ca-3484-4c54-9197-7b4d97255104"><testcase classname="backend.tests.test_advanced_features.TestTemplatesAPI" name="test_list_templates" time="0.059" /><testcase classname="backend.tests.test_advanced_features.TestTemplatesAPI" name="test_list_categories" time="0.043" /><testcase classname="backend.tests.test_advanced_features.TestTemplatesAPI" name="test_get_template_by_id" time="0.047" /><testcase classname="backend.tests.test_advanced_features.TestTemplatesAPI" name="test_get_nonexistent_template" time="0.044" /><testcase classname="backend.tests.test_advanced_features.TestTemplatesAPI" name="test_filter_templates_by_category" time="0.042" /><testcase classname="backend.tests.test_advanced_features.TestLogicCalculateAPI" name="test_basic_math_expression" time="0.055" /><testcase classname="backend.tests.test_advanced_features.TestLogicCalculateAPI" name="test_bmi_calculation_with_values" time="0.040" /><testcase classname="backend.tests.test_advanced_features.TestLogicCalculateAPI" name="test_round_function" time="0.033" /><testcase classname="backend.tests.test_advanced_features.TestLogicCalculateAPI" name="test_min_max_functions" time="0.081" /><testcase classname="backend.tests.test_advanced_features.TestLogicCalculateAPI" name="test_sqrt_function" time="0.037" /><testcase classname="backend.tests.test_advanced_features.TestLogicCalculateAPI" name="test_conditional_if_function" time="0.076"><failure message="assert None == 1">backend/tests/test_advanced_features.py:158: in test_conditional_if_function
    assert response.json()["result"] == 1
E   assert None == 1</failure></testcase><testcase classname="backend.tests.test_advanced_features.TestLogicCalculateAPI" name="test_invalid_expression_returns_null" time="0.038" /><testcase classname="backend.tests.test_advanced_features.TestLogicOperatorsAPI" name="test_get_operators_list" time="0.034" /><testcase classname="backend.tests.test_advanced_features.TestValidateSkipLogicAPI" name="test_equals_operator" time="0.072" /><testcase classname="backend.tests.test_advanced_features.TestValidateSkipLogicAPI" name="test_greater_than_operator" time="0.039" /><testcase classname="backend.tests.test_advanced_features.TestValidateSkipLogicAPI" name="test_and_logic" time="0.038" /><testcase classname="backend.tests.test_advanced_features.TestValidateSkipLogicAPI" name="test_or_logic" time="0.039" /><testcase classname="backend.tests.test_advanced_features.TestGPSAPI" name="test_get_gps_points" time="0.041" /><testcase classname="backend.tests.test_advanced_features.TestGPSAPI" name="test_get_gps_clusters" time="0.039" /><testcase classname="backend.tests.test_advanced_features.TestGPSAPI" name="test_get_gps_coverage" time="0.081" /><testcase classname="backend.tests.test_advanced_features.TestLogicFunctionsAPI" name="test_get_functions_list" time="0.041" /></testsuite></testsuites>