<?xml version="1.0" encoding="utf-8"?><testsuites name="pytest tests"><testsuite name="pytest" errors="0" failures="2" skipped="9" tests="15" time="2.034" timestamp="2026-02-16T11:53:55.608274+00:00" hostname="agent-env-1943f079-91ed-4d5a-898f-95ce6ca12fb3"><testcase classname="tests.test_docker_survey360_iter38.TestHealthCheck" name="test_health_endpoint_returns_healthy" time="0.256" /><testcase classname="tests.test_docker_survey360_iter38.TestHealthCheck" name="test_api_root_returns_info" time="0.140" /><testcase classname="tests.test_docker_survey360_iter38.TestSurvey360Auth" name="test_login_with_demo_credentials" time="0.157"><failure message="AssertionError: Expected 200, got 401: {&quot;detail&quot;:&quot;Invalid credentials&quot;}&#10;assert 401 == 200&#10; +  where 401 = &lt;Response [401]&gt;.status_code">tests/test_docker_survey360_iter38.py:60: in test_login_with_demo_credentials
    assert response.status_code == 200, f"Expected 200, got {response.status_code}: {response.text}"
E   AssertionError: Expected 200, got 401: {"detail":"Invalid credentials"}
E   assert 401 == 200
E    +  where 401 = &lt;Response [401]&gt;.status_code</failure></testcase><testcase classname="tests.test_docker_survey360_iter38.TestSurvey360Auth" name="test_login_with_invalid_credentials" time="0.107" /><testcase classname="tests.test_docker_survey360_iter38.TestSurvey360Auth" name="test_get_current_user" time="0.128"><failure message="assert 401 == 200&#10; +  where 401 = &lt;Response [401]&gt;.status_code">tests/test_docker_survey360_iter38.py:95: in test_get_current_user
    assert login_response.status_code == 200
E   assert 401 == 200
E    +  where 401 = &lt;Response [401]&gt;.status_code</failure></testcase><testcase classname="tests.test_docker_survey360_iter38.TestHighThroughputSubmissions" name="test_single_submission" time="0.107"><skipped type="pytest.skip" message="Could not authenticate">/app/backend/tests/test_docker_survey360_iter38.py:130: Could not authenticate</skipped></testcase><testcase classname="tests.test_docker_survey360_iter38.TestHighThroughputSubmissions" name="test_bulk_submission" time="0.112"><skipped type="pytest.skip" message="Could not authenticate">/app/backend/tests/test_docker_survey360_iter38.py:162: Could not authenticate</skipped></testcase><testcase classname="tests.test_docker_survey360_iter38.TestHighThroughputSubmissions" name="test_submission_metrics" time="0.115"><skipped type="pytest.skip" message="Could not authenticate">/app/backend/tests/test_docker_survey360_iter38.py:192: Could not authenticate</skipped></testcase><testcase classname="tests.test_docker_survey360_iter38.TestSurvey360Dashboard" name="test_dashboard_stats" time="0.106"><skipped type="pytest.skip" message="Could not authenticate">/app/backend/tests/test_docker_survey360_iter38.py:228: Could not authenticate</skipped></testcase><testcase classname="tests.test_docker_survey360_iter38.TestSurvey360Dashboard" name="test_dashboard_activity" time="0.108"><skipped type="pytest.skip" message="Could not authenticate">/app/backend/tests/test_docker_survey360_iter38.py:244: Could not authenticate</skipped></testcase><testcase classname="tests.test_docker_survey360_iter38.TestSurvey360Dashboard" name="test_usage_endpoint" time="0.101"><skipped type="pytest.skip" message="Could not authenticate">/app/backend/tests/test_docker_survey360_iter38.py:258: Could not authenticate</skipped></testcase><testcase classname="tests.test_docker_survey360_iter38.TestSurvey360Surveys" name="test_list_surveys" time="0.111"><skipped type="pytest.skip" message="Could not authenticate">/app/backend/tests/test_docker_survey360_iter38.py:293: Could not authenticate</skipped></testcase><testcase classname="tests.test_docker_survey360_iter38.TestSurvey360Surveys" name="test_create_and_get_survey" time="0.108"><skipped type="pytest.skip" message="Could not authenticate">/app/backend/tests/test_docker_survey360_iter38.py:307: Could not authenticate</skipped></testcase><testcase classname="tests.test_docker_survey360_iter38.TestSurveyTemplates" name="test_list_templates" time="0.101" /><testcase classname="tests.test_docker_survey360_iter38.TestHelpAssistant" name="test_help_assistant_chat" time="0.148"><skipped type="pytest.skip" message="Could not authenticate">/app/backend/tests/test_docker_survey360_iter38.py:402: Could not authenticate</skipped></testcase></testsuite></testsuites>