<?xml version="1.0" encoding="utf-8"?><testsuites name="pytest tests"><testsuite name="pytest" errors="0" failures="1" skipped="0" tests="11" time="1.447" timestamp="2026-02-08T12:21:11.596251+00:00" hostname="agent-env-84c36ce1-ef6c-4919-bc9a-596a3059b360"><testcase classname="tests.test_nonparam_cluster_ui_iter26.TestNonparametricEndpoints" name="test_kruskal_wallis_test" time="0.369" /><testcase classname="tests.test_nonparam_cluster_ui_iter26.TestNonparametricEndpoints" name="test_mann_whitney_test" time="0.082" /><testcase classname="tests.test_nonparam_cluster_ui_iter26.TestNonparametricEndpoints" name="test_wilcoxon_test" time="0.045"><failure message="AssertionError: Unexpected status: 520, Internal Server Error&#10;assert 520 in [200, 400]&#10; +  where 520 = &lt;Response [520]&gt;.status_code">tests/test_nonparam_cluster_ui_iter26.py:111: in test_wilcoxon_test
    assert response.status_code in [200, 400], f"Unexpected status: {response.status_code}, {response.text}"
E   AssertionError: Unexpected status: 520, Internal Server Error
E   assert 520 in [200, 400]
E    +  where 520 = &lt;Response [520]&gt;.status_code</failure></testcase><testcase classname="tests.test_nonparam_cluster_ui_iter26.TestNonparametricEndpoints" name="test_nonparametric_missing_dependent_var" time="0.039" /><testcase classname="tests.test_nonparam_cluster_ui_iter26.TestClusteringEndpoints" name="test_kmeans_clustering" time="0.186" /><testcase classname="tests.test_nonparam_cluster_ui_iter26.TestClusteringEndpoints" name="test_kmeans_auto_clusters" time="0.084" /><testcase classname="tests.test_nonparam_cluster_ui_iter26.TestClusteringEndpoints" name="test_hierarchical_clustering" time="0.068" /><testcase classname="tests.test_nonparam_cluster_ui_iter26.TestClusteringEndpoints" name="test_hierarchical_different_linkage" time="0.135" /><testcase classname="tests.test_nonparam_cluster_ui_iter26.TestClusteringEndpoints" name="test_clustering_insufficient_variables" time="0.038" /><testcase classname="tests.test_nonparam_cluster_ui_iter26.TestEndpointHealth" name="test_api_health" time="0.035" /><testcase classname="tests.test_nonparam_cluster_ui_iter26.TestEndpointHealth" name="test_auth_endpoint" time="0.256" /></testsuite></testsuites>