<?xml version="1.0" encoding="utf-8"?><testsuites name="pytest tests"><testsuite name="pytest" errors="0" failures="3" skipped="3" tests="10" time="1.064" timestamp="2026-02-07T20:17:05.962631+00:00" hostname="agent-env-54ddf08b-8f33-45e8-9e88-59fcdfdb7b83"><testcase classname="backend.tests.test_factor_analysis_iter22.TestFactorAnalysisEndpoint" name="test_factor_analysis_endpoint_exists" time="0.378" /><testcase classname="backend.tests.test_factor_analysis_iter22.TestFactorAnalysisEndpoint" name="test_factor_analysis_requires_three_variables" time="0.041"><failure message="AssertionError: Expected 400 for 2 variables, got 200&#10;assert 200 == 400&#10; +  where 200 = &lt;Response [200]&gt;.status_code">backend/tests/test_factor_analysis_iter22.py:113: in test_factor_analysis_requires_three_variables
    assert response.status_code == 400, f"Expected 400 for 2 variables, got {response.status_code}"
E   AssertionError: Expected 400 for 2 variables, got 200
E   assert 200 == 400
E    +  where 200 = &lt;Response [200]&gt;.status_code</failure></testcase><testcase classname="backend.tests.test_factor_analysis_iter22.TestFactorAnalysisEndpoint" name="test_factor_analysis_with_form_data" time="0.045"><skipped type="pytest.skip" message="Could not get forms list">/app/backend/tests/test_factor_analysis_iter22.py:119: Could not get forms list</skipped></testcase><testcase classname="backend.tests.test_factor_analysis_iter22.TestFactorAnalysisEndpoint" name="test_factor_analysis_response_structure_with_mock_variables" time="0.051" /><testcase classname="backend.tests.test_factor_analysis_iter22.TestFactorAnalysisEndpoint" name="test_factor_analysis_rotation_options" time="0.000"><skipped type="pytest.skip" message="Could not get forms list">/app/backend/tests/test_factor_analysis_iter22.py:165: Could not get forms list</skipped></testcase><testcase classname="backend.tests.test_factor_analysis_iter22.TestFactorAnalysisEndpoint" name="test_factor_analysis_n_factors_parameter" time="0.000"><skipped type="pytest.skip" message="Could not get forms list">/app/backend/tests/test_factor_analysis_iter22.py:187: Could not get forms list</skipped></testcase><testcase classname="backend.tests.test_factor_analysis_iter22.TestFactorAnalysisErrorHandling" name="test_factor_analysis_missing_org_id" time="0.039" /><testcase classname="backend.tests.test_factor_analysis_iter22.TestFactorAnalysisErrorHandling" name="test_factor_analysis_empty_variables" time="0.043"><failure message="AssertionError: Empty variables should fail, got 200&#10;assert 200 in [400, 422]&#10; +  where 200 = &lt;Response [200]&gt;.status_code">backend/tests/test_factor_analysis_iter22.py:296: in test_factor_analysis_empty_variables
    assert response.status_code in [400, 422], f"Empty variables should fail, got {response.status_code}"
E   AssertionError: Empty variables should fail, got 200
E   assert 200 in [400, 422]
E    +  where 200 = &lt;Response [200]&gt;.status_code</failure></testcase><testcase classname="backend.tests.test_factor_analysis_iter22.TestFactorAnalysisErrorHandling" name="test_factor_analysis_without_auth" time="0.042"><failure message="AssertionError: Should require auth, got 200&#10;assert 200 in [401, 403]&#10; +  where 200 = &lt;Response [200]&gt;.status_code">backend/tests/test_factor_analysis_iter22.py:310: in test_factor_analysis_without_auth
    assert response.status_code in [401, 403], f"Should require auth, got {response.status_code}"
E   AssertionError: Should require auth, got 200
E   assert 200 in [401, 403]
E    +  where 200 = &lt;Response [200]&gt;.status_code</failure></testcase><testcase classname="backend.tests.test_factor_analysis_iter22.TestAdvancedStatsPanelTabs" name="test_statistics_endpoints_available" time="0.323" /></testsuite></testsuites>