<?xml version="1.0" encoding="utf-8"?><testsuites name="pytest tests"><testsuite name="pytest" errors="0" failures="1" skipped="0" tests="32" time="1.756" timestamp="2026-02-06T18:00:21.177545+00:00" hostname="agent-env-a5ee39d0-239d-4893-bcd1-f87f759225b7"><testcase classname="backend.tests.test_p0_data_collection_iter11.TestAuthSetup" name="test_01_login" time="0.389" /><testcase classname="backend.tests.test_p0_data_collection_iter11.TestParadataAPI" name="test_01_create_paradata_session" time="0.038" /><testcase classname="backend.tests.test_p0_data_collection_iter11.TestParadataAPI" name="test_02_add_paradata_events_batch" time="0.038" /><testcase classname="backend.tests.test_p0_data_collection_iter11.TestParadataAPI" name="test_03_end_paradata_session" time="0.040" /><testcase classname="backend.tests.test_p0_data_collection_iter11.TestParadataAPI" name="test_04_get_submission_paradata" time="0.039" /><testcase classname="backend.tests.test_p0_data_collection_iter11.TestParadataAPI" name="test_05_get_submission_timeline" time="0.049" /><testcase classname="backend.tests.test_p0_data_collection_iter11.TestParadataAPI" name="test_06_get_enumerator_paradata_stats" time="0.058" /><testcase classname="backend.tests.test_p0_data_collection_iter11.TestParadataAPI" name="test_07_get_form_question_stats" time="0.040" /><testcase classname="backend.tests.test_p0_data_collection_iter11.TestParadataAPI" name="test_08_get_speeding_report" time="0.036"><failure message="AssertionError: Get speeding report failed: Internal Server Error&#10;assert 520 == 200&#10; +  where 520 = &lt;Response [520]&gt;.status_code">backend/tests/test_p0_data_collection_iter11.py:220: in test_08_get_speeding_report
    assert response.status_code == 200, f"Get speeding report failed: {response.text}"
E   AssertionError: Get speeding report failed: Internal Server Error
E   assert 520 == 200
E    +  where 520 = &lt;Response [520]&gt;.status_code</failure></testcase><testcase classname="backend.tests.test_p0_data_collection_iter11.TestRevisionAPI" name="test_01_create_test_submission" time="0.042" /><testcase classname="backend.tests.test_p0_data_collection_iter11.TestRevisionAPI" name="test_02_create_revision" time="0.037" /><testcase classname="backend.tests.test_p0_data_collection_iter11.TestRevisionAPI" name="test_03_get_revision_history" time="0.039" /><testcase classname="backend.tests.test_p0_data_collection_iter11.TestRevisionAPI" name="test_04_compare_revisions" time="0.036" /><testcase classname="backend.tests.test_p0_data_collection_iter11.TestRevisionAPI" name="test_05_lock_submission_fails_without_approval" time="0.041" /><testcase classname="backend.tests.test_p0_data_collection_iter11.TestRevisionAPI" name="test_06_create_correction_request" time="0.039" /><testcase classname="backend.tests.test_p0_data_collection_iter11.TestRevisionAPI" name="test_07_get_raw_dataset" time="0.035" /><testcase classname="backend.tests.test_p0_data_collection_iter11.TestRevisionAPI" name="test_08_get_approved_dataset" time="0.041" /><testcase classname="backend.tests.test_p0_data_collection_iter11.TestRevisionAPI" name="test_09_get_submission_audit_trail" time="0.039" /><testcase classname="backend.tests.test_p0_data_collection_iter11.TestDatasetsAPI" name="test_01_create_dataset" time="0.055" /><testcase classname="backend.tests.test_p0_data_collection_iter11.TestDatasetsAPI" name="test_02_list_datasets" time="0.037" /><testcase classname="backend.tests.test_p0_data_collection_iter11.TestDatasetsAPI" name="test_03_get_dataset" time="0.035" /><testcase classname="backend.tests.test_p0_data_collection_iter11.TestDatasetsAPI" name="test_04_bulk_upload_records" time="0.037" /><testcase classname="backend.tests.test_p0_data_collection_iter11.TestDatasetsAPI" name="test_05_get_records" time="0.036" /><testcase classname="backend.tests.test_p0_data_collection_iter11.TestDatasetsAPI" name="test_06_typeahead_search" time="0.036" /><testcase classname="backend.tests.test_p0_data_collection_iter11.TestDatasetsAPI" name="test_07_typeahead_search_with_filter" time="0.039" /><testcase classname="backend.tests.test_p0_data_collection_iter11.TestDatasetsAPI" name="test_08_get_offline_subset" time="0.036" /><testcase classname="backend.tests.test_p0_data_collection_iter11.TestDatasetsAPI" name="test_09_get_offline_package" time="0.043" /><testcase classname="backend.tests.test_p0_data_collection_iter11.TestDatasetsAPI" name="test_10_get_sync_status" time="0.036" /><testcase classname="backend.tests.test_p0_data_collection_iter11.TestDatasetsAPI" name="test_11_add_single_record" time="0.035" /><testcase classname="backend.tests.test_p0_data_collection_iter11.TestDatasetsAPI" name="test_12_cleanup_delete_dataset" time="0.037" /><testcase classname="backend.tests.test_p0_data_collection_iter11.TestIntegration" name="test_existing_dataset_search" time="0.078" /><testcase classname="backend.tests.test_p0_data_collection_iter11.TestIntegration" name="test_existing_paradata_session" time="0.052" /></testsuite></testsuites>