<?xml version="1.0" encoding="utf-8"?><testsuites name="pytest tests"><testsuite name="pytest" errors="0" failures="0" skipped="27" tests="29" time="0.562" timestamp="2026-02-06T18:37:40.870222+00:00" hostname="agent-env-bd570d11-6897-4e1d-99de-f1354a0a41c1"><testcase classname="backend.tests.test_p1_features_iter12.TestTokenSurveyDistributions" name="test_create_distribution" time="0.354"><skipped type="pytest.skip" message="No organization found">/app/backend/tests/test_p1_features_iter12.py:98: No organization found</skipped></testcase><testcase classname="backend.tests.test_p1_features_iter12.TestTokenSurveyDistributions" name="test_list_distributions" time="0.000"><skipped type="pytest.skip" message="No organization found">/app/backend/tests/test_p1_features_iter12.py:116: No organization found</skipped></testcase><testcase classname="backend.tests.test_p1_features_iter12.TestTokenSurveyDistributions" name="test_get_distribution" time="0.000"><skipped type="pytest.skip" message="No organization found">/app/backend/tests/test_p1_features_iter12.py:125: No organization found</skipped></testcase><testcase classname="backend.tests.test_p1_features_iter12.TestTokenSurveyDistributions" name="test_activate_distribution" time="0.000"><skipped type="pytest.skip" message="No organization found">/app/backend/tests/test_p1_features_iter12.py:143: No organization found</skipped></testcase><testcase classname="backend.tests.test_p1_features_iter12.TestTokenSurveyInvites" name="test_create_invites" time="0.000"><skipped type="pytest.skip" message="No organization found">/app/backend/tests/test_p1_features_iter12.py:162: No organization found</skipped></testcase><testcase classname="backend.tests.test_p1_features_iter12.TestTokenSurveyInvites" name="test_list_invites" time="0.000"><skipped type="pytest.skip" message="No organization found">/app/backend/tests/test_p1_features_iter12.py:188: No organization found</skipped></testcase><testcase classname="backend.tests.test_p1_features_iter12.TestTokenSurveyPanels" name="test_create_panel" time="0.000"><skipped type="pytest.skip" message="No organization found">/app/backend/tests/test_p1_features_iter12.py:208: No organization found</skipped></testcase><testcase classname="backend.tests.test_p1_features_iter12.TestTokenSurveyPanels" name="test_list_panels" time="0.000"><skipped type="pytest.skip" message="No organization found">/app/backend/tests/test_p1_features_iter12.py:223: No organization found</skipped></testcase><testcase classname="backend.tests.test_p1_features_iter12.TestCATIProjects" name="test_create_cati_project" time="0.000"><skipped type="pytest.skip" message="No organization found">/app/backend/tests/test_p1_features_iter12.py:238: No organization found</skipped></testcase><testcase classname="backend.tests.test_p1_features_iter12.TestCATIProjects" name="test_list_cati_projects" time="0.000"><skipped type="pytest.skip" message="No organization found">/app/backend/tests/test_p1_features_iter12.py:256: No organization found</skipped></testcase><testcase classname="backend.tests.test_p1_features_iter12.TestCATIProjects" name="test_get_cati_project" time="0.000"><skipped type="pytest.skip" message="No organization found">/app/backend/tests/test_p1_features_iter12.py:265: No organization found</skipped></testcase><testcase classname="backend.tests.test_p1_features_iter12.TestCATIProjects" name="test_activate_cati_project" time="0.000"><skipped type="pytest.skip" message="No organization found">/app/backend/tests/test_p1_features_iter12.py:281: No organization found</skipped></testcase><testcase classname="backend.tests.test_p1_features_iter12.TestCATIQueue" name="test_add_to_queue" time="0.000"><skipped type="pytest.skip" message="No organization found">/app/backend/tests/test_p1_features_iter12.py:299: No organization found</skipped></testcase><testcase classname="backend.tests.test_p1_features_iter12.TestCATIQueue" name="test_get_queue" time="0.000"><skipped type="pytest.skip" message="No organization found">/app/backend/tests/test_p1_features_iter12.py:319: No organization found</skipped></testcase><testcase classname="backend.tests.test_p1_features_iter12.TestBackcheckConfigs" name="test_create_backcheck_config" time="0.000"><skipped type="pytest.skip" message="No organization found">/app/backend/tests/test_p1_features_iter12.py:341: No organization found</skipped></testcase><testcase classname="backend.tests.test_p1_features_iter12.TestBackcheckConfigs" name="test_list_backcheck_configs" time="0.000"><skipped type="pytest.skip" message="No organization found">/app/backend/tests/test_p1_features_iter12.py:361: No organization found</skipped></testcase><testcase classname="backend.tests.test_p1_features_iter12.TestBackcheckConfigs" name="test_get_backcheck_config" time="0.000"><skipped type="pytest.skip" message="No organization found">/app/backend/tests/test_p1_features_iter12.py:370: No organization found</skipped></testcase><testcase classname="backend.tests.test_p1_features_iter12.TestBackcheckQueue" name="test_get_backcheck_queue" time="0.000"><skipped type="pytest.skip" message="No organization found">/app/backend/tests/test_p1_features_iter12.py:390: No organization found</skipped></testcase><testcase classname="backend.tests.test_p1_features_iter12.TestBackcheckQueue" name="test_get_backcheck_summary_report" time="0.000"><skipped type="pytest.skip" message="No organization found">/app/backend/tests/test_p1_features_iter12.py:399: No organization found</skipped></testcase><testcase classname="backend.tests.test_p1_features_iter12.TestPreloadConfigs" name="test_create_preload_config" time="0.000"><skipped type="pytest.skip" message="No organization found">/app/backend/tests/test_p1_features_iter12.py:414: No organization found</skipped></testcase><testcase classname="backend.tests.test_p1_features_iter12.TestPreloadConfigs" name="test_list_preload_configs" time="0.000"><skipped type="pytest.skip" message="No organization found">/app/backend/tests/test_p1_features_iter12.py:445: No organization found</skipped></testcase><testcase classname="backend.tests.test_p1_features_iter12.TestPreloadConfigs" name="test_get_preload_config" time="0.000"><skipped type="pytest.skip" message="No organization found">/app/backend/tests/test_p1_features_iter12.py:454: No organization found</skipped></testcase><testcase classname="backend.tests.test_p1_features_iter12.TestPreloadConfigs" name="test_delete_preload_config" time="0.000"><skipped type="pytest.skip" message="No organization found">/app/backend/tests/test_p1_features_iter12.py:470: No organization found</skipped></testcase><testcase classname="backend.tests.test_p1_features_iter12.TestWritebackConfigs" name="test_create_writeback_config" time="0.000"><skipped type="pytest.skip" message="No organization found">/app/backend/tests/test_p1_features_iter12.py:488: No organization found</skipped></testcase><testcase classname="backend.tests.test_p1_features_iter12.TestWritebackConfigs" name="test_list_writeback_configs" time="0.000"><skipped type="pytest.skip" message="No organization found">/app/backend/tests/test_p1_features_iter12.py:513: No organization found</skipped></testcase><testcase classname="backend.tests.test_p1_features_iter12.TestPreloadLogs" name="test_get_preload_logs" time="0.000"><skipped type="pytest.skip" message="No organization found">/app/backend/tests/test_p1_features_iter12.py:526: No organization found</skipped></testcase><testcase classname="backend.tests.test_p1_features_iter12.TestPreloadLogs" name="test_get_writeback_logs" time="0.000"><skipped type="pytest.skip" message="No organization found">/app/backend/tests/test_p1_features_iter12.py:535: No organization found</skipped></testcase><testcase classname="backend.tests.test_p1_features_iter12.TestAPIHealth" name="test_api_root" time="0.040" /><testcase classname="backend.tests.test_p1_features_iter12.TestAPIHealth" name="test_health_check" time="0.037" /></testsuite></testsuites>