<?xml version="1.0" encoding="utf-8"?><testsuites name="pytest tests"><testsuite name="pytest" errors="0" failures="0" skipped="3" tests="10" time="1.056" timestamp="2026-02-07T20:19:44.426261+00:00" hostname="agent-env-54ddf08b-8f33-45e8-9e88-59fcdfdb7b83"><testcase classname="backend.tests.test_factor_analysis_iter22.TestFactorAnalysisEndpoint" name="test_factor_analysis_endpoint_exists" time="0.369" /><testcase classname="backend.tests.test_factor_analysis_iter22.TestFactorAnalysisEndpoint" name="test_factor_analysis_requires_three_variables" time="0.041" /><testcase classname="backend.tests.test_factor_analysis_iter22.TestFactorAnalysisEndpoint" name="test_factor_analysis_with_form_data" time="0.035"><skipped type="pytest.skip" message="Could not get forms list">/app/backend/tests/test_factor_analysis_iter22.py:125: Could not get forms list</skipped></testcase><testcase classname="backend.tests.test_factor_analysis_iter22.TestFactorAnalysisEndpoint" name="test_factor_analysis_response_structure_with_mock_variables" time="0.049" /><testcase classname="backend.tests.test_factor_analysis_iter22.TestFactorAnalysisEndpoint" name="test_factor_analysis_rotation_options" time="0.000"><skipped type="pytest.skip" message="Could not get forms list">/app/backend/tests/test_factor_analysis_iter22.py:171: Could not get forms list</skipped></testcase><testcase classname="backend.tests.test_factor_analysis_iter22.TestFactorAnalysisEndpoint" name="test_factor_analysis_n_factors_parameter" time="0.000"><skipped type="pytest.skip" message="Could not get forms list">/app/backend/tests/test_factor_analysis_iter22.py:193: Could not get forms list</skipped></testcase><testcase classname="backend.tests.test_factor_analysis_iter22.TestFactorAnalysisErrorHandling" name="test_factor_analysis_missing_org_id" time="0.087" /><testcase classname="backend.tests.test_factor_analysis_iter22.TestFactorAnalysisErrorHandling" name="test_factor_analysis_empty_variables" time="0.041" /><testcase classname="backend.tests.test_factor_analysis_iter22.TestFactorAnalysisErrorHandling" name="test_factor_analysis_without_auth" time="0.045" /><testcase classname="backend.tests.test_factor_analysis_iter22.TestAdvancedStatsPanelTabs" name="test_statistics_endpoints_available" time="0.319" /></testsuite></testsuites>