<?xml version="1.0" encoding="utf-8"?><testsuites name="pytest tests"><testsuite name="pytest" errors="0" failures="0" skipped="0" tests="16" time="1.882" timestamp="2026-02-07T19:52:34.843612+00:00" hostname="agent-env-54ddf08b-8f33-45e8-9e88-59fcdfdb7b83"><testcase classname="backend.tests.test_reports_repro_iter21.TestReportTemplates" name="test_list_templates" time="0.408" /><testcase classname="backend.tests.test_reports_repro_iter21.TestReportCRUD" name="test_create_report" time="0.041" /><testcase classname="backend.tests.test_reports_repro_iter21.TestReportCRUD" name="test_list_reports" time="0.046" /><testcase classname="backend.tests.test_reports_repro_iter21.TestReportGeneration" name="test_generate_pdf_report" time="0.173" /><testcase classname="backend.tests.test_reports_repro_iter21.TestReportGeneration" name="test_generate_word_report" time="0.138" /><testcase classname="backend.tests.test_reports_repro_iter21.TestReportGeneration" name="test_generate_html_report" time="0.084" /><testcase classname="backend.tests.test_reports_repro_iter21.TestReportGeneration" name="test_generate_invalid_format" time="0.082" /><testcase classname="backend.tests.test_reports_repro_iter21.TestReportGeneration" name="test_generate_nonexistent_report" time="0.041" /><testcase classname="backend.tests.test_reports_repro_iter21.TestReproducibilityPackCRUD" name="test_create_pack" time="0.044" /><testcase classname="backend.tests.test_reports_repro_iter21.TestReproducibilityPackCRUD" name="test_list_packs" time="0.039" /><testcase classname="backend.tests.test_reports_repro_iter21.TestReproducibilityPackCRUD" name="test_get_pack_details" time="0.041" /><testcase classname="backend.tests.test_reports_repro_iter21.TestReproducibilityPackDownload" name="test_download_pack_as_zip" time="0.073" /><testcase classname="backend.tests.test_reports_repro_iter21.TestReproducibilityPackDownload" name="test_download_nonexistent_pack" time="0.044" /><testcase classname="backend.tests.test_reports_repro_iter21.TestReproducibilityPackWithAnonymization" name="test_create_anonymized_pack" time="0.082" /><testcase classname="backend.tests.test_reports_repro_iter21.TestCleanup" name="test_cleanup_test_reports" time="0.279" /><testcase classname="backend.tests.test_reports_repro_iter21.TestCleanup" name="test_cleanup_test_packs" time="0.151" /></testsuite></testsuites>