<?xml version="1.0" encoding="utf-8"?><testsuites name="pytest tests"><testsuite name="pytest" errors="0" failures="16" skipped="0" tests="32" time="1.736" timestamp="2026-02-06T17:58:46.668791+00:00" hostname="agent-env-a5ee39d0-239d-4893-bcd1-f87f759225b7"><testcase classname="backend.tests.test_p0_data_collection_iter11.TestAuthSetup" name="test_01_login" time="0.321"><failure message="AssertionError: assert 'token' in {'access_token': 'eyJhbGciOiJIUzI1NiIsInR5cCI6IkpXVCJ9.eyJzdWIiOiI4NWFkMzVhOC01NGViLTQzMzMtODdjNy1iZWQ2YWI3YmViMTUiLCJlbWFpbCI6InRlc3RAZGF0YXB1bHNlLmlvIiwibmFtZSI6IlRlc3QgVXNlciIsImlzX3N1cGVyYWRtaW4iOmZhbHNlLCJleHAiOjE3NzA0ODcxMjd9.fnQghEVjewwQoTXJB3BWSlIgyKt3GFOR_izJtLhWUi8', 'token_type': 'bearer', 'user': {'avatar': None, 'email': 'test@datapulse.io', 'id': '85ad35a8-54eb-4333-87c7-bed6ab7beb15', 'is_superadmin': False, ...}}">backend/tests/test_p0_data_collection_iter11.py:39: in test_01_login
    assert "token" in data
E   AssertionError: assert 'token' in {'access_token': 'eyJhbGciOiJIUzI1NiIsInR5cCI6IkpXVCJ9.eyJzdWIiOiI4NWFkMzVhOC01NGViLTQzMzMtODdjNy1iZWQ2YWI3YmViMTUiLCJlbWFpbCI6InRlc3RAZGF0YXB1bHNlLmlvIiwibmFtZSI6IlRlc3QgVXNlciIsImlzX3N1cGVyYWRtaW4iOmZhbHNlLCJleHAiOjE3NzA0ODcxMjd9.fnQghEVjewwQoTXJB3BWSlIgyKt3GFOR_izJtLhWUi8', 'token_type': 'bearer', 'user': {'avatar': None, 'email': 'test@datapulse.io', 'id': '85ad35a8-54eb-4333-87c7-bed6ab7beb15', 'is_superadmin': False, ...}}</failure></testcase><testcase classname="backend.tests.test_p0_data_collection_iter11.TestParadataAPI" name="test_01_create_paradata_session" time="0.037" /><testcase classname="backend.tests.test_p0_data_collection_iter11.TestParadataAPI" name="test_02_add_paradata_events_batch" time="0.042" /><testcase classname="backend.tests.test_p0_data_collection_iter11.TestParadataAPI" name="test_03_end_paradata_session" time="0.038"><failure message="AssertionError: End session failed: Internal Server Error&#10;assert 520 == 200&#10; +  where 520 = &lt;Response [520]&gt;.status_code">backend/tests/test_p0_data_collection_iter11.py:136: in test_03_end_paradata_session
    assert response.status_code == 200, f"End session failed: {response.text}"
E   AssertionError: End session failed: Internal Server Error
E   assert 520 == 200
E    +  where 520 = &lt;Response [520]&gt;.status_code</failure></testcase><testcase classname="backend.tests.test_p0_data_collection_iter11.TestParadataAPI" name="test_04_get_submission_paradata" time="0.043"><failure message="AssertionError: Get paradata failed: Internal Server Error&#10;assert 520 == 200&#10; +  where 520 = &lt;Response [520]&gt;.status_code">backend/tests/test_p0_data_collection_iter11.py:148: in test_04_get_submission_paradata
    assert response.status_code == 200, f"Get paradata failed: {response.text}"
E   AssertionError: Get paradata failed: Internal Server Error
E   assert 520 == 200
E    +  where 520 = &lt;Response [520]&gt;.status_code</failure></testcase><testcase classname="backend.tests.test_p0_data_collection_iter11.TestParadataAPI" name="test_05_get_submission_timeline" time="0.035" /><testcase classname="backend.tests.test_p0_data_collection_iter11.TestParadataAPI" name="test_06_get_enumerator_paradata_stats" time="0.040" /><testcase classname="backend.tests.test_p0_data_collection_iter11.TestParadataAPI" name="test_07_get_form_question_stats" time="0.039"><failure message="AssertionError: Get form question stats failed: Internal Server Error&#10;assert 520 == 200&#10; +  where 520 = &lt;Response [520]&gt;.status_code">backend/tests/test_p0_data_collection_iter11.py:188: in test_07_get_form_question_stats
    assert response.status_code == 200, f"Get form question stats failed: {response.text}"
E   AssertionError: Get form question stats failed: Internal Server Error
E   assert 520 == 200
E    +  where 520 = &lt;Response [520]&gt;.status_code</failure></testcase><testcase classname="backend.tests.test_p0_data_collection_iter11.TestParadataAPI" name="test_08_get_speeding_report" time="0.037" /><testcase classname="backend.tests.test_p0_data_collection_iter11.TestRevisionAPI" name="test_01_create_test_submission" time="0.035" /><testcase classname="backend.tests.test_p0_data_collection_iter11.TestRevisionAPI" name="test_02_create_revision" time="0.046" /><testcase classname="backend.tests.test_p0_data_collection_iter11.TestRevisionAPI" name="test_03_get_revision_history" time="0.039" /><testcase classname="backend.tests.test_p0_data_collection_iter11.TestRevisionAPI" name="test_04_compare_revisions" time="0.040" /><testcase classname="backend.tests.test_p0_data_collection_iter11.TestRevisionAPI" name="test_05_lock_submission_fails_without_approval" time="0.042" /><testcase classname="backend.tests.test_p0_data_collection_iter11.TestRevisionAPI" name="test_06_create_correction_request" time="0.038" /><testcase classname="backend.tests.test_p0_data_collection_iter11.TestRevisionAPI" name="test_07_get_raw_dataset" time="0.035" /><testcase classname="backend.tests.test_p0_data_collection_iter11.TestRevisionAPI" name="test_08_get_approved_dataset" time="0.040" /><testcase classname="backend.tests.test_p0_data_collection_iter11.TestRevisionAPI" name="test_09_get_submission_audit_trail" time="0.035" /><testcase classname="backend.tests.test_p0_data_collection_iter11.TestDatasetsAPI" name="test_01_create_dataset" time="0.038"><failure message="AssertionError: Create dataset failed: {&quot;detail&quot;:[{&quot;type&quot;:&quot;string_type&quot;,&quot;loc&quot;:[&quot;body&quot;,&quot;org_id&quot;],&quot;msg&quot;:&quot;Input should be a valid string&quot;,&quot;input&quot;:null,&quot;url&quot;:&quot;https://errors.pydantic.dev/2.12/v/string_type&quot;}]}&#10;assert 422 == 200&#10; +  where 422 = &lt;Response [422]&gt;.status_code">backend/tests/test_p0_data_collection_iter11.py:393: in test_01_create_dataset
    assert response.status_code == 200, f"Create dataset failed: {response.text}"
E   AssertionError: Create dataset failed: {"detail":[{"type":"string_type","loc":["body","org_id"],"msg":"Input should be a valid string","input":null,"url":"https://errors.pydantic.dev/2.12/v/string_type"}]}
E   assert 422 == 200
E    +  where 422 = &lt;Response [422]&gt;.status_code</failure></testcase><testcase classname="backend.tests.test_p0_data_collection_iter11.TestDatasetsAPI" name="test_02_list_datasets" time="0.035"><failure message="assert 0 &gt; 0&#10; +  where 0 = len([])">backend/tests/test_p0_data_collection_iter11.py:409: in test_02_list_datasets
    assert len(data["datasets"]) &gt; 0
E   assert 0 &gt; 0
E    +  where 0 = len([])</failure></testcase><testcase classname="backend.tests.test_p0_data_collection_iter11.TestDatasetsAPI" name="test_03_get_dataset" time="0.036"><failure message="AssertionError: Get dataset failed: {&quot;detail&quot;:&quot;Dataset not found&quot;}&#10;assert 404 == 200&#10; +  where 404 = &lt;Response [404]&gt;.status_code">backend/tests/test_p0_data_collection_iter11.py:418: in test_03_get_dataset
    assert response.status_code == 200, f"Get dataset failed: {response.text}"
E   AssertionError: Get dataset failed: {"detail":"Dataset not found"}
E   assert 404 == 200
E    +  where 404 = &lt;Response [404]&gt;.status_code</failure></testcase><testcase classname="backend.tests.test_p0_data_collection_iter11.TestDatasetsAPI" name="test_04_bulk_upload_records" time="0.037"><failure message="AssertionError: Bulk upload failed: {&quot;detail&quot;:&quot;Dataset not found&quot;}&#10;assert 404 == 200&#10; +  where 404 = &lt;Response [404]&gt;.status_code">backend/tests/test_p0_data_collection_iter11.py:443: in test_04_bulk_upload_records
    assert response.status_code == 200, f"Bulk upload failed: {response.text}"
E   AssertionError: Bulk upload failed: {"detail":"Dataset not found"}
E   assert 404 == 200
E    +  where 404 = &lt;Response [404]&gt;.status_code</failure></testcase><testcase classname="backend.tests.test_p0_data_collection_iter11.TestDatasetsAPI" name="test_05_get_records" time="0.044"><failure message="AssertionError: Get records failed: {&quot;detail&quot;:&quot;Dataset not found&quot;}&#10;assert 404 == 200&#10; +  where 404 = &lt;Response [404]&gt;.status_code">backend/tests/test_p0_data_collection_iter11.py:455: in test_05_get_records
    assert response.status_code == 200, f"Get records failed: {response.text}"
E   AssertionError: Get records failed: {"detail":"Dataset not found"}
E   assert 404 == 200
E    +  where 404 = &lt;Response [404]&gt;.status_code</failure></testcase><testcase classname="backend.tests.test_p0_data_collection_iter11.TestDatasetsAPI" name="test_06_typeahead_search" time="0.035"><failure message="AssertionError: Typeahead search failed: {&quot;detail&quot;:&quot;Dataset not found&quot;}&#10;assert 404 == 200&#10; +  where 404 = &lt;Response [404]&gt;.status_code">backend/tests/test_p0_data_collection_iter11.py:468: in test_06_typeahead_search
    assert response.status_code == 200, f"Typeahead search failed: {response.text}"
E   AssertionError: Typeahead search failed: {"detail":"Dataset not found"}
E   assert 404 == 200
E    +  where 404 = &lt;Response [404]&gt;.status_code</failure></testcase><testcase classname="backend.tests.test_p0_data_collection_iter11.TestDatasetsAPI" name="test_07_typeahead_search_with_filter" time="0.033"><failure message="AssertionError: Filtered search failed: {&quot;detail&quot;:&quot;Dataset not found&quot;}&#10;assert 404 == 200&#10; +  where 404 = &lt;Response [404]&gt;.status_code">backend/tests/test_p0_data_collection_iter11.py:481: in test_07_typeahead_search_with_filter
    assert response.status_code == 200, f"Filtered search failed: {response.text}"
E   AssertionError: Filtered search failed: {"detail":"Dataset not found"}
E   assert 404 == 200
E    +  where 404 = &lt;Response [404]&gt;.status_code</failure></testcase><testcase classname="backend.tests.test_p0_data_collection_iter11.TestDatasetsAPI" name="test_08_get_offline_subset" time="0.034"><failure message="AssertionError: Get subset failed: {&quot;detail&quot;:[{&quot;type&quot;:&quot;string_type&quot;,&quot;loc&quot;:[&quot;body&quot;,&quot;dataset_id&quot;],&quot;msg&quot;:&quot;Input should be a valid string&quot;,&quot;input&quot;:null,&quot;url&quot;:&quot;https://errors.pydantic.dev/2.12/v/string_type&quot;}]}&#10;assert 422 == 200&#10; +  where 422 = &lt;Response [422]&gt;.status_code">backend/tests/test_p0_data_collection_iter11.py:497: in test_08_get_offline_subset
    assert response.status_code == 200, f"Get subset failed: {response.text}"
E   AssertionError: Get subset failed: {"detail":[{"type":"string_type","loc":["body","dataset_id"],"msg":"Input should be a valid string","input":null,"url":"https://errors.pydantic.dev/2.12/v/string_type"}]}
E   assert 422 == 200
E    +  where 422 = &lt;Response [422]&gt;.status_code</failure></testcase><testcase classname="backend.tests.test_p0_data_collection_iter11.TestDatasetsAPI" name="test_09_get_offline_package" time="0.038"><failure message="AssertionError: Get offline package failed: {&quot;detail&quot;:&quot;Dataset not found&quot;}&#10;assert 404 == 200&#10; +  where 404 = &lt;Response [404]&gt;.status_code">backend/tests/test_p0_data_collection_iter11.py:511: in test_09_get_offline_package
    assert response.status_code == 200, f"Get offline package failed: {response.text}"
E   AssertionError: Get offline package failed: {"detail":"Dataset not found"}
E   assert 404 == 200
E    +  where 404 = &lt;Response [404]&gt;.status_code</failure></testcase><testcase classname="backend.tests.test_p0_data_collection_iter11.TestDatasetsAPI" name="test_10_get_sync_status" time="0.037"><failure message="AssertionError: Get sync status failed: {&quot;detail&quot;:&quot;Dataset not found&quot;}&#10;assert 404 == 200&#10; +  where 404 = &lt;Response [404]&gt;.status_code">backend/tests/test_p0_data_collection_iter11.py:527: in test_10_get_sync_status
    assert response.status_code == 200, f"Get sync status failed: {response.text}"
E   AssertionError: Get sync status failed: {"detail":"Dataset not found"}
E   assert 404 == 200
E    +  where 404 = &lt;Response [404]&gt;.status_code</failure></testcase><testcase classname="backend.tests.test_p0_data_collection_iter11.TestDatasetsAPI" name="test_11_add_single_record" time="0.034"><failure message="AssertionError: Add record failed: {&quot;detail&quot;:&quot;Dataset not found&quot;}&#10;assert 404 == 200&#10; +  where 404 = &lt;Response [404]&gt;.status_code">backend/tests/test_p0_data_collection_iter11.py:548: in test_11_add_single_record
    assert response.status_code == 200, f"Add record failed: {response.text}"
E   AssertionError: Add record failed: {"detail":"Dataset not found"}
E   assert 404 == 200
E    +  where 404 = &lt;Response [404]&gt;.status_code</failure></testcase><testcase classname="backend.tests.test_p0_data_collection_iter11.TestDatasetsAPI" name="test_12_cleanup_delete_dataset" time="0.032"><failure message="AssertionError: Delete dataset failed: {&quot;detail&quot;:&quot;Dataset not found&quot;}&#10;assert 404 == 200&#10; +  where 404 = &lt;Response [404]&gt;.status_code">backend/tests/test_p0_data_collection_iter11.py:559: in test_12_cleanup_delete_dataset
    assert response.status_code == 200, f"Delete dataset failed: {response.text}"
E   AssertionError: Delete dataset failed: {"detail":"Dataset not found"}
E   assert 404 == 200
E    +  where 404 = &lt;Response [404]&gt;.status_code</failure></testcase><testcase classname="backend.tests.test_p0_data_collection_iter11.TestIntegration" name="test_existing_dataset_search" time="0.039" /><testcase classname="backend.tests.test_p0_data_collection_iter11.TestIntegration" name="test_existing_paradata_session" time="0.038" /></testsuite></testsuites>