<?xml version="1.0" encoding="utf-8"?><testsuites name="pytest tests"><testsuite name="pytest" errors="0" failures="1" skipped="5" tests="10" time="3.411" timestamp="2026-02-08T08:15:59.718007+00:00" hostname="agent-env-54ddf08b-8f33-45e8-9e88-59fcdfdb7b83"><testcase classname="backend.tests.test_missing_data_imputation_iter23.TestMissingDataImputation" name="test_missing_summary_endpoint_exists" time="0.379"><skipped type="pytest.skip" message="No form available for testing">/app/backend/tests/test_missing_data_imputation_iter23.py:51: No form available for testing</skipped></testcase><testcase classname="backend.tests.test_missing_data_imputation_iter23.TestMissingDataImputation" name="test_missing_summary_response_structure" time="0.296"><skipped type="pytest.skip" message="No form available for testing">/app/backend/tests/test_missing_data_imputation_iter23.py:61: No form available for testing</skipped></testcase><testcase classname="backend.tests.test_missing_data_imputation_iter23.TestMissingDataImputation" name="test_missing_summary_variable_details" time="0.290"><skipped type="pytest.skip" message="No form available for testing">/app/backend/tests/test_missing_data_imputation_iter23.py:82: No form available for testing</skipped></testcase><testcase classname="backend.tests.test_missing_data_imputation_iter23.TestMissingDataImputation" name="test_missing_summary_with_snapshot" time="0.315"><skipped type="pytest.skip" message="No form available for testing">/app/backend/tests/test_missing_data_imputation_iter23.py:108: No form available for testing</skipped></testcase><testcase classname="backend.tests.test_missing_data_imputation_iter23.TestMissingDataImputation" name="test_preview_imputation_endpoint_exists" time="0.319" /><testcase classname="backend.tests.test_missing_data_imputation_iter23.TestMissingDataImputation" name="test_preview_imputation_with_variables" time="0.330"><skipped type="pytest.skip" message="No form available for testing">/app/backend/tests/test_missing_data_imputation_iter23.py:144: No form available for testing</skipped></testcase><testcase classname="backend.tests.test_missing_data_imputation_iter23.TestMissingDataImputation" name="test_preview_all_imputation_methods" time="0.423" /><testcase classname="backend.tests.test_missing_data_imputation_iter23.TestMissingDataImputation" name="test_apply_imputation_requires_create_snapshot" time="0.308" /><testcase classname="backend.tests.test_missing_data_imputation_iter23.TestMissingDataImputation" name="test_apply_imputation_endpoint_exists" time="0.298"><failure message="AssertionError: Unexpected status: 520&#10;assert 520 in [200, 400, 422]&#10; +  where 520 = &lt;Response [520]&gt;.status_code">backend/tests/test_missing_data_imputation_iter23.py:231: in test_apply_imputation_endpoint_exists
    assert response.status_code in [200, 400, 422], f"Unexpected status: {response.status_code}"
E   AssertionError: Unexpected status: 520
E   assert 520 in [200, 400, 422]
E    +  where 520 = &lt;Response [520]&gt;.status_code</failure></testcase><testcase classname="backend.tests.test_missing_data_imputation_iter23.TestImputationMethodValidation" name="test_invalid_method_rejected" time="0.306" /></testsuite></testsuites>