<?xml version="1.0" encoding="utf-8"?><testsuites name="pytest tests"><testsuite name="pytest" errors="0" failures="0" skipped="0" tests="17" time="1.267" timestamp="2026-02-06T17:03:53.226781+00:00" hostname="agent-env-a5ee39d0-239d-4893-bcd1-f87f759225b7"><testcase classname="tests.test_security_admin_iter10.TestSecurityRateLimits" name="test_get_rate_limits_tiers" time="0.447" /><testcase classname="tests.test_security_admin_iter10.TestSecurityRateLimits" name="test_get_rate_limit_status" time="0.042" /><testcase classname="tests.test_security_admin_iter10.TestSecurityAPIKeys" name="test_create_api_key" time="0.077" /><testcase classname="tests.test_security_admin_iter10.TestSecurityAPIKeys" name="test_list_api_keys" time="0.042" /><testcase classname="tests.test_security_admin_iter10.TestSecurityAPIKeys" name="test_delete_api_key" time="0.036" /><testcase classname="tests.test_security_admin_iter10.TestSecurityAuditLogs" name="test_get_audit_logs" time="0.038" /><testcase classname="tests.test_security_admin_iter10.TestSecurityAuditLogs" name="test_get_audit_stats" time="0.053" /><testcase classname="tests.test_security_admin_iter10.TestSecuritySettings" name="test_get_security_settings" time="0.037" /><testcase classname="tests.test_security_admin_iter10.TestSecuritySettings" name="test_update_security_settings" time="0.051" /><testcase classname="tests.test_security_admin_iter10.TestIPWhitelist" name="test_get_ip_whitelist" time="0.036" /><testcase classname="tests.test_security_admin_iter10.TestAdminDashboard" name="test_get_admin_dashboard" time="0.039" /><testcase classname="tests.test_security_admin_iter10.TestAdminOrganizations" name="test_list_all_organizations" time="0.043" /><testcase classname="tests.test_security_admin_iter10.TestAdminOrganizations" name="test_get_organization_details" time="0.055" /><testcase classname="tests.test_security_admin_iter10.TestAdminBillingPlans" name="test_get_billing_plans" time="0.038" /><testcase classname="tests.test_security_admin_iter10.TestAdminAlerts" name="test_get_usage_alerts" time="0.040" /><testcase classname="tests.test_security_admin_iter10.TestAdminInvoices" name="test_list_invoices" time="0.037" /><testcase classname="tests.test_security_admin_iter10.TestAdminSystemStats" name="test_get_system_stats" time="0.069" /></testsuite></testsuites>