<?xml version="1.0" encoding="utf-8"?><testsuites name="pytest tests"><testsuite name="pytest" errors="0" failures="0" skipped="0" tests="20" time="2.914" timestamp="2026-02-16T15:32:23.348154+00:00" hostname="agent-env-1943f079-91ed-4d5a-898f-95ce6ca12fb3"><testcase classname="backend.tests.test_pricing_iter39.TestPricingPlansPublic" name="test_get_all_pricing_plans" time="0.456" /><testcase classname="backend.tests.test_pricing_iter39.TestPricingPlansPublic" name="test_free_plan_pricing" time="0.149" /><testcase classname="backend.tests.test_pricing_iter39.TestPricingPlansPublic" name="test_starter_plan_pricing" time="0.098" /><testcase classname="backend.tests.test_pricing_iter39.TestPricingPlansPublic" name="test_pro_plan_pricing" time="0.105" /><testcase classname="backend.tests.test_pricing_iter39.TestPricingPlansPublic" name="test_business_plan_pricing" time="0.092" /><testcase classname="backend.tests.test_pricing_iter39.TestPricingPlansPublic" name="test_enterprise_plan_custom_pricing" time="0.105" /><testcase classname="backend.tests.test_pricing_iter39.TestPricingPlansPublic" name="test_annual_discount_33_percent" time="0.065" /><testcase classname="backend.tests.test_pricing_iter39.TestTrialInfo" name="test_get_trial_info" time="0.061" /><testcase classname="backend.tests.test_pricing_iter39.TestTrialInfo" name="test_trial_includes_pro_features" time="0.076" /><testcase classname="backend.tests.test_pricing_iter39.TestCompareMatrix" name="test_get_compare_matrix" time="0.106" /><testcase classname="backend.tests.test_pricing_iter39.TestCompareMatrix" name="test_ai_assistant_gated_to_pro_plus" time="0.143" /><testcase classname="backend.tests.test_pricing_iter39.TestSubscriptionAuthenticated" name="test_get_subscription_requires_auth" time="0.104" /><testcase classname="backend.tests.test_pricing_iter39.TestSubscriptionAuthenticated" name="test_get_subscription_with_auth" time="0.250" /><testcase classname="backend.tests.test_pricing_iter39.TestSubscriptionAuthenticated" name="test_get_usage_requires_auth" time="0.134" /><testcase classname="backend.tests.test_pricing_iter39.TestSubscriptionAuthenticated" name="test_get_usage_with_auth" time="0.077" /><testcase classname="backend.tests.test_pricing_iter39.TestStartTrial" name="test_start_trial_requires_auth" time="0.111" /><testcase classname="backend.tests.test_pricing_iter39.TestStartTrial" name="test_start_trial_with_auth" time="0.357" /><testcase classname="backend.tests.test_pricing_iter39.TestPlanFeatures" name="test_free_plan_features" time="0.127" /><testcase classname="backend.tests.test_pricing_iter39.TestPlanFeatures" name="test_pro_plan_features" time="0.082" /><testcase classname="backend.tests.test_pricing_iter39.TestPlanFeatures" name="test_enterprise_unlimited" time="0.126" /></testsuite></testsuites>