<?xml version="1.0" encoding="utf-8"?><testsuites name="pytest tests"><testsuite name="pytest" errors="0" failures="0" skipped="0" tests="23" time="1.427" timestamp="2026-02-08T09:11:56.226139+00:00" hostname="agent-env-54ddf08b-8f33-45e8-9e88-59fcdfdb7b83"><testcase classname="backend.tests.test_audit_rbac_statistics_iter25.TestAuditTrail" name="test_audit_summary" time="0.345" /><testcase classname="backend.tests.test_audit_rbac_statistics_iter25.TestAuditTrail" name="test_audit_logs_paginated" time="0.040" /><testcase classname="backend.tests.test_audit_rbac_statistics_iter25.TestAuditTrail" name="test_audit_logs_with_filters" time="0.040" /><testcase classname="backend.tests.test_audit_rbac_statistics_iter25.TestAuditTrail" name="test_create_audit_log" time="0.040" /><testcase classname="backend.tests.test_audit_rbac_statistics_iter25.TestRBAC" name="test_get_roles" time="0.039" /><testcase classname="backend.tests.test_audit_rbac_statistics_iter25.TestRBAC" name="test_get_permissions" time="0.035" /><testcase classname="backend.tests.test_audit_rbac_statistics_iter25.TestRBAC" name="test_check_permission" time="0.080" /><testcase classname="backend.tests.test_audit_rbac_statistics_iter25.TestRBAC" name="test_get_user_role" time="0.039" /><testcase classname="backend.tests.test_audit_rbac_statistics_iter25.TestNonparametricTests" name="test_mann_whitney_endpoint" time="0.077" /><testcase classname="backend.tests.test_audit_rbac_statistics_iter25.TestNonparametricTests" name="test_wilcoxon_endpoint" time="0.042" /><testcase classname="backend.tests.test_audit_rbac_statistics_iter25.TestNonparametricTests" name="test_kruskal_wallis_endpoint" time="0.043" /><testcase classname="backend.tests.test_audit_rbac_statistics_iter25.TestNonparametricTests" name="test_invalid_test_type" time="0.041" /><testcase classname="backend.tests.test_audit_rbac_statistics_iter25.TestProportionsTests" name="test_one_sample_proportion" time="0.041" /><testcase classname="backend.tests.test_audit_rbac_statistics_iter25.TestProportionsTests" name="test_two_sample_proportion" time="0.041" /><testcase classname="backend.tests.test_audit_rbac_statistics_iter25.TestProportionsTests" name="test_chi_square_test" time="0.078" /><testcase classname="backend.tests.test_audit_rbac_statistics_iter25.TestProportionsTests" name="test_missing_params_validation" time="0.039" /><testcase classname="backend.tests.test_audit_rbac_statistics_iter25.TestClustering" name="test_kmeans_clustering" time="0.037" /><testcase classname="backend.tests.test_audit_rbac_statistics_iter25.TestClustering" name="test_hierarchical_clustering" time="0.041" /><testcase classname="backend.tests.test_audit_rbac_statistics_iter25.TestClustering" name="test_kmeans_auto_clusters" time="0.035" /><testcase classname="backend.tests.test_audit_rbac_statistics_iter25.TestClustering" name="test_invalid_method" time="0.038" /><testcase classname="backend.tests.test_audit_rbac_statistics_iter25.TestRBACRoleDetails" name="test_viewer_role_permissions" time="0.038" /><testcase classname="backend.tests.test_audit_rbac_statistics_iter25.TestRBACRoleDetails" name="test_admin_role_has_all_permissions" time="0.040" /><testcase classname="backend.tests.test_audit_rbac_statistics_iter25.TestRBACRoleDetails" name="test_analyst_role_export_permissions" time="0.037" /></testsuite></testsuites>