<?xml version="1.0" encoding="utf-8"?><testsuites name="pytest tests"><testsuite name="pytest" errors="0" failures="0" skipped="0" tests="11" time="1.359" timestamp="2026-02-05T18:21:27.167930+00:00" hostname="agent-env-1607f0ca-3484-4c54-9197-7b4d97255104"><testcase classname="backend.tests.test_iteration7_features.TestHealthCheck" name="test_api_root" time="0.071" /><testcase classname="backend.tests.test_iteration7_features.TestHealthCheck" name="test_health_endpoint" time="0.039" /><testcase classname="backend.tests.test_iteration7_features.TestWidgetRoutes" name="test_get_widget_types" time="0.037" /><testcase classname="backend.tests.test_iteration7_features.TestWidgetRoutes" name="test_get_dashboard_layouts" time="0.039" /><testcase classname="backend.tests.test_iteration7_features.TestExportFormats" name="test_get_export_formats" time="0.039" /><testcase classname="backend.tests.test_iteration7_features.TestCaseImportRoutes" name="test_get_import_template" time="0.040" /><testcase classname="backend.tests.test_iteration7_features.TestCollaborationRoutes" name="test_get_room_users" time="0.074" /><testcase classname="backend.tests.test_iteration7_features.TestCollaborationRoutes" name="test_get_user_presence" time="0.039" /><testcase classname="backend.tests.test_iteration7_features.TestAuthenticatedEndpoints" name="test_case_import_preview_requires_auth" time="0.300" /><testcase classname="backend.tests.test_iteration7_features.TestAuthenticatedEndpoints" name="test_case_import_requires_auth" time="0.308" /><testcase classname="backend.tests.test_iteration7_features.TestAuthenticatedEndpoints" name="test_export_history_with_auth" time="0.301" /></testsuite></testsuites>