<?xml version="1.0" encoding="utf-8"?><testsuites name="pytest tests"><testsuite name="pytest" errors="0" failures="2" skipped="14" tests="22" time="4.021" timestamp="2026-02-06T17:02:25.263474+00:00" hostname="agent-env-a5ee39d0-239d-4893-bcd1-f87f759225b7"><testcase classname="tests.test_security_admin_iter10.TestSecurityAPIKeys" name="test_create_api_key" time="0.406"><skipped type="pytest.skip" message="Could not get/create organization for testing">/app/backend/tests/test_security_admin_iter10.py:64: Could not get/create organization for testing</skipped></testcase><testcase classname="tests.test_security_admin_iter10.TestSecurityAPIKeys" name="test_list_api_keys" time="0.000"><skipped type="pytest.skip" message="Could not get/create organization for testing">/app/backend/tests/test_security_admin_iter10.py:90: Could not get/create organization for testing</skipped></testcase><testcase classname="tests.test_security_admin_iter10.TestSecurityAPIKeys" name="test_update_api_key" time="0.000"><skipped type="pytest.skip" message="Could not get/create organization for testing">/app/backend/tests/test_security_admin_iter10.py:104: Could not get/create organization for testing</skipped></testcase><testcase classname="tests.test_security_admin_iter10.TestSecurityAPIKeys" name="test_delete_api_key" time="0.000"><skipped type="pytest.skip" message="Could not get/create organization for testing">/app/backend/tests/test_security_admin_iter10.py:123: Could not get/create organization for testing</skipped></testcase><testcase classname="tests.test_security_admin_iter10.TestSecurityRateLimits" name="test_get_rate_limits_tiers" time="0.316" /><testcase classname="tests.test_security_admin_iter10.TestSecurityRateLimits" name="test_get_rate_limit_status" time="0.081"><skipped type="pytest.skip" message="Could not get/create organization for testing">/app/backend/tests/test_security_admin_iter10.py:162: Could not get/create organization for testing</skipped></testcase><testcase classname="tests.test_security_admin_iter10.TestSecurityAuditLogs" name="test_get_audit_logs" time="0.332"><skipped type="pytest.skip" message="Could not get/create organization for testing">/app/backend/tests/test_security_admin_iter10.py:183: Could not get/create organization for testing</skipped></testcase><testcase classname="tests.test_security_admin_iter10.TestSecurityAuditLogs" name="test_get_audit_logs_with_filters" time="0.000"><skipped type="pytest.skip" message="Could not get/create organization for testing">/app/backend/tests/test_security_admin_iter10.py:200: Could not get/create organization for testing</skipped></testcase><testcase classname="tests.test_security_admin_iter10.TestSecurityAuditLogs" name="test_get_audit_stats" time="0.000"><skipped type="pytest.skip" message="Could not get/create organization for testing">/app/backend/tests/test_security_admin_iter10.py:218: Could not get/create organization for testing</skipped></testcase><testcase classname="tests.test_security_admin_iter10.TestSecuritySettings" name="test_get_security_settings" time="0.418"><skipped type="pytest.skip" message="Could not get/create organization for testing">/app/backend/tests/test_security_admin_iter10.py:239: Could not get/create organization for testing</skipped></testcase><testcase classname="tests.test_security_admin_iter10.TestSecuritySettings" name="test_update_security_settings" time="0.000"><skipped type="pytest.skip" message="Could not get/create organization for testing">/app/backend/tests/test_security_admin_iter10.py:256: Could not get/create organization for testing</skipped></testcase><testcase classname="tests.test_security_admin_iter10.TestIPWhitelist" name="test_get_ip_whitelist" time="0.370"><skipped type="pytest.skip" message="Could not get/create organization for testing">/app/backend/tests/test_security_admin_iter10.py:277: Could not get/create organization for testing</skipped></testcase><testcase classname="tests.test_security_admin_iter10.TestIPWhitelist" name="test_update_ip_whitelist" time="0.000"><skipped type="pytest.skip" message="Could not get/create organization for testing">/app/backend/tests/test_security_admin_iter10.py:292: Could not get/create organization for testing</skipped></testcase><testcase classname="tests.test_security_admin_iter10.TestAdminDashboard" name="test_get_admin_dashboard" time="0.298"><failure message="AssertionError: Failed to get admin dashboard: Internal Server Error&#10;assert 520 == 200&#10; +  where 520 = &lt;Response [520]&gt;.status_code">tests/test_security_admin_iter10.py:320: in test_get_admin_dashboard
    assert response.status_code == 200, f"Failed to get admin dashboard: {response.text}"
E   AssertionError: Failed to get admin dashboard: Internal Server Error
E   assert 520 == 200
E    +  where 520 = &lt;Response [520]&gt;.status_code</failure></testcase><testcase classname="tests.test_security_admin_iter10.TestAdminOrganizations" name="test_list_all_organizations" time="0.295"><failure message="AssertionError: Failed to list organizations: Internal Server Error&#10;assert 520 == 200&#10; +  where 520 = &lt;Response [520]&gt;.status_code">tests/test_security_admin_iter10.py:347: in test_list_all_organizations
    assert response.status_code == 200, f"Failed to list organizations: {response.text}"
E   AssertionError: Failed to list organizations: Internal Server Error
E   assert 520 == 200
E    +  where 520 = &lt;Response [520]&gt;.status_code</failure></testcase><testcase classname="tests.test_security_admin_iter10.TestAdminOrganizations" name="test_list_organizations_with_filters" time="0.037" /><testcase classname="tests.test_security_admin_iter10.TestAdminOrganizations" name="test_get_organization_details" time="0.064"><skipped type="pytest.skip" message="Could not get/create organization for testing">/app/backend/tests/test_security_admin_iter10.py:380: Could not get/create organization for testing</skipped></testcase><testcase classname="tests.test_security_admin_iter10.TestAdminOrganizations" name="test_update_organization_tier" time="0.000"><skipped type="pytest.skip" message="Could not get/create organization for testing">/app/backend/tests/test_security_admin_iter10.py:397: Could not get/create organization for testing</skipped></testcase><testcase classname="tests.test_security_admin_iter10.TestAdminBillingPlans" name="test_get_billing_plans" time="0.295" /><testcase classname="tests.test_security_admin_iter10.TestAdminAlerts" name="test_get_usage_alerts" time="0.298" /><testcase classname="tests.test_security_admin_iter10.TestAdminInvoices" name="test_list_invoices" time="0.301" /><testcase classname="tests.test_security_admin_iter10.TestAdminSystemStats" name="test_get_system_stats" time="0.335" /></testsuite></testsuites>