<?xml version="1.0" encoding="utf-8"?><testsuites name="pytest tests"><testsuite name="pytest" errors="0" failures="0" skipped="0" tests="11" time="1.348" timestamp="2026-02-08T12:21:34.959869+00:00" hostname="agent-env-84c36ce1-ef6c-4919-bc9a-596a3059b360"><testcase classname="tests.test_nonparam_cluster_ui_iter26.TestNonparametricEndpoints" name="test_kruskal_wallis_test" time="0.353" /><testcase classname="tests.test_nonparam_cluster_ui_iter26.TestNonparametricEndpoints" name="test_mann_whitney_test" time="0.041" /><testcase classname="tests.test_nonparam_cluster_ui_iter26.TestNonparametricEndpoints" name="test_wilcoxon_test" time="0.042" /><testcase classname="tests.test_nonparam_cluster_ui_iter26.TestNonparametricEndpoints" name="test_nonparametric_missing_dependent_var" time="0.040" /><testcase classname="tests.test_nonparam_cluster_ui_iter26.TestClusteringEndpoints" name="test_kmeans_clustering" time="0.182" /><testcase classname="tests.test_nonparam_cluster_ui_iter26.TestClusteringEndpoints" name="test_kmeans_auto_clusters" time="0.082" /><testcase classname="tests.test_nonparam_cluster_ui_iter26.TestClusteringEndpoints" name="test_hierarchical_clustering" time="0.056" /><testcase classname="tests.test_nonparam_cluster_ui_iter26.TestClusteringEndpoints" name="test_hierarchical_different_linkage" time="0.137" /><testcase classname="tests.test_nonparam_cluster_ui_iter26.TestClusteringEndpoints" name="test_clustering_insufficient_variables" time="0.075" /><testcase classname="tests.test_nonparam_cluster_ui_iter26.TestEndpointHealth" name="test_api_health" time="0.034" /><testcase classname="tests.test_nonparam_cluster_ui_iter26.TestEndpointHealth" name="test_auth_endpoint" time="0.258" /></testsuite></testsuites>