<?xml version="1.0" encoding="utf-8"?><testsuites name="pytest tests"><testsuite name="pytest" errors="0" failures="0" skipped="0" tests="14" time="0.672" timestamp="2026-02-06T20:22:21.997164+00:00" hostname="agent-env-bd570d11-6897-4e1d-99de-f1354a0a41c1"><testcase classname="tests.test_quality_ai_p2" name="test_api_health" time="0.066" /><testcase classname="tests.test_quality_ai_p2" name="test_create_speeding_config" time="0.328" /><testcase classname="tests.test_quality_ai_p2" name="test_list_speeding_configs" time="0.012" /><testcase classname="tests.test_quality_ai_p2" name="test_create_audio_audit_config" time="0.010" /><testcase classname="tests.test_quality_ai_p2" name="test_list_audio_audit_configs" time="0.014" /><testcase classname="tests.test_quality_ai_p2" name="test_create_ai_monitoring_config" time="0.011" /><testcase classname="tests.test_quality_ai_p2" name="test_list_ai_monitoring_configs" time="0.010" /><testcase classname="tests.test_quality_ai_p2" name="test_get_quality_alerts" time="0.011" /><testcase classname="tests.test_quality_ai_p2" name="test_get_alerts_summary" time="0.053" /><testcase classname="tests.test_quality_ai_p2" name="test_run_batch_analysis" time="0.008" /><testcase classname="tests.test_quality_ai_p2" name="test_analyze_nonexistent_submission_speed" time="0.049" /><testcase classname="tests.test_quality_ai_p2" name="test_audio_check_nonexistent_submission" time="0.011" /><testcase classname="tests.test_quality_ai_p2" name="test_ai_analyze_nonexistent_submission" time="0.007" /><testcase classname="tests.test_quality_ai_p2" name="test_resolve_nonexistent_alert" time="0.008" /></testsuite></testsuites>