<?xml version="1.0" encoding="utf-8"?><testsuites name="pytest tests"><testsuite name="pytest" errors="0" failures="1" skipped="0" tests="29" time="1.933" timestamp="2026-02-06T18:38:50.513348+00:00" hostname="agent-env-bd570d11-6897-4e1d-99de-f1354a0a41c1"><testcase classname="backend.tests.test_p1_features_iter12.TestTokenSurveyDistributions" name="test_create_distribution" time="0.435" /><testcase classname="backend.tests.test_p1_features_iter12.TestTokenSurveyDistributions" name="test_list_distributions" time="0.050" /><testcase classname="backend.tests.test_p1_features_iter12.TestTokenSurveyDistributions" name="test_get_distribution" time="0.063" /><testcase classname="backend.tests.test_p1_features_iter12.TestTokenSurveyDistributions" name="test_activate_distribution" time="0.058" /><testcase classname="backend.tests.test_p1_features_iter12.TestTokenSurveyInvites" name="test_create_invites" time="0.061" /><testcase classname="backend.tests.test_p1_features_iter12.TestTokenSurveyInvites" name="test_list_invites" time="0.061" /><testcase classname="backend.tests.test_p1_features_iter12.TestTokenSurveyPanels" name="test_create_panel" time="0.050" /><testcase classname="backend.tests.test_p1_features_iter12.TestTokenSurveyPanels" name="test_list_panels" time="0.009" /><testcase classname="backend.tests.test_p1_features_iter12.TestCATIProjects" name="test_create_cati_project" time="0.050" /><testcase classname="backend.tests.test_p1_features_iter12.TestCATIProjects" name="test_list_cati_projects" time="0.049" /><testcase classname="backend.tests.test_p1_features_iter12.TestCATIProjects" name="test_get_cati_project" time="0.061" /><testcase classname="backend.tests.test_p1_features_iter12.TestCATIProjects" name="test_activate_cati_project" time="0.058" /><testcase classname="backend.tests.test_p1_features_iter12.TestCATIQueue" name="test_add_to_queue" time="0.060" /><testcase classname="backend.tests.test_p1_features_iter12.TestCATIQueue" name="test_get_queue" time="0.101"><failure message="AssertionError: Failed: {&quot;detail&quot;:&quot;Project not found&quot;}&#10;assert 404 == 200&#10; +  where 404 = &lt;Response [404]&gt;.status_code">backend/tests/test_p1_features_iter12.py:337: in test_get_queue
    assert response.status_code == 200, f"Failed: {response.text}"
E   AssertionError: Failed: {"detail":"Project not found"}
E   assert 404 == 200
E    +  where 404 = &lt;Response [404]&gt;.status_code</failure></testcase><testcase classname="backend.tests.test_p1_features_iter12.TestBackcheckConfigs" name="test_create_backcheck_config" time="0.050" /><testcase classname="backend.tests.test_p1_features_iter12.TestBackcheckConfigs" name="test_list_backcheck_configs" time="0.010" /><testcase classname="backend.tests.test_p1_features_iter12.TestBackcheckConfigs" name="test_get_backcheck_config" time="0.062" /><testcase classname="backend.tests.test_p1_features_iter12.TestBackcheckQueue" name="test_get_backcheck_queue" time="0.053" /><testcase classname="backend.tests.test_p1_features_iter12.TestBackcheckQueue" name="test_get_backcheck_summary_report" time="0.011" /><testcase classname="backend.tests.test_p1_features_iter12.TestPreloadConfigs" name="test_create_preload_config" time="0.050" /><testcase classname="backend.tests.test_p1_features_iter12.TestPreloadConfigs" name="test_list_preload_configs" time="0.051" /><testcase classname="backend.tests.test_p1_features_iter12.TestPreloadConfigs" name="test_get_preload_config" time="0.082" /><testcase classname="backend.tests.test_p1_features_iter12.TestPreloadConfigs" name="test_delete_preload_config" time="0.099" /><testcase classname="backend.tests.test_p1_features_iter12.TestWritebackConfigs" name="test_create_writeback_config" time="0.010" /><testcase classname="backend.tests.test_p1_features_iter12.TestWritebackConfigs" name="test_list_writeback_configs" time="0.050" /><testcase classname="backend.tests.test_p1_features_iter12.TestPreloadLogs" name="test_get_preload_logs" time="0.051" /><testcase classname="backend.tests.test_p1_features_iter12.TestPreloadLogs" name="test_get_writeback_logs" time="0.009" /><testcase classname="backend.tests.test_p1_features_iter12.TestAPIHealth" name="test_api_root" time="0.044" /><testcase classname="backend.tests.test_p1_features_iter12.TestAPIHealth" name="test_health_check" time="0.038" /></testsuite></testsuites>