<?xml version="1.0" encoding="utf-8"?><testsuites name="pytest tests"><testsuite name="pytest" errors="0" failures="2" skipped="0" tests="21" time="1.199" timestamp="2026-02-05T17:38:57.714641+00:00" hostname="agent-env-1607f0ca-3484-4c54-9197-7b4d97255104"><testcase classname="backend.tests.test_advanced_features.TestTemplatesAPI" name="test_list_templates" time="0.078" /><testcase classname="backend.tests.test_advanced_features.TestTemplatesAPI" name="test_list_categories" time="0.041" /><testcase classname="backend.tests.test_advanced_features.TestTemplatesAPI" name="test_get_template_by_id" time="0.042" /><testcase classname="backend.tests.test_advanced_features.TestTemplatesAPI" name="test_get_nonexistent_template" time="0.042" /><testcase classname="backend.tests.test_advanced_features.TestTemplatesAPI" name="test_filter_templates_by_category" time="0.043" /><testcase classname="backend.tests.test_advanced_features.TestLogicCalculateAPI" name="test_basic_math_expression" time="0.035" /><testcase classname="backend.tests.test_advanced_features.TestLogicCalculateAPI" name="test_bmi_calculation_with_values" time="0.039" /><testcase classname="backend.tests.test_advanced_features.TestLogicCalculateAPI" name="test_round_function" time="0.036" /><testcase classname="backend.tests.test_advanced_features.TestLogicCalculateAPI" name="test_min_max_functions" time="0.086" /><testcase classname="backend.tests.test_advanced_features.TestLogicCalculateAPI" name="test_sqrt_function" time="0.039" /><testcase classname="backend.tests.test_advanced_features.TestLogicCalculateAPI" name="test_conditional_if_function" time="0.033"><failure message="AssertionError: assert None == 'Pass'">backend/tests/test_advanced_features.py:157: in test_conditional_if_function
    assert response.json()["result"] == "Pass"
E   AssertionError: assert None == 'Pass'</failure></testcase><testcase classname="backend.tests.test_advanced_features.TestLogicCalculateAPI" name="test_invalid_expression" time="0.044"><failure message="assert 200 == 400&#10; +  where 200 = &lt;Response [200]&gt;.status_code">backend/tests/test_advanced_features.py:176: in test_invalid_expression
    assert response.status_code == 400
E   assert 200 == 400
E    +  where 200 = &lt;Response [200]&gt;.status_code</failure></testcase><testcase classname="backend.tests.test_advanced_features.TestLogicOperatorsAPI" name="test_get_operators_list" time="0.036" /><testcase classname="backend.tests.test_advanced_features.TestValidateSkipLogicAPI" name="test_equals_operator" time="0.082" /><testcase classname="backend.tests.test_advanced_features.TestValidateSkipLogicAPI" name="test_greater_than_operator" time="0.037" /><testcase classname="backend.tests.test_advanced_features.TestValidateSkipLogicAPI" name="test_and_logic" time="0.083" /><testcase classname="backend.tests.test_advanced_features.TestValidateSkipLogicAPI" name="test_or_logic" time="0.035" /><testcase classname="backend.tests.test_advanced_features.TestGPSAPI" name="test_get_gps_points" time="0.041" /><testcase classname="backend.tests.test_advanced_features.TestGPSAPI" name="test_get_gps_clusters" time="0.082" /><testcase classname="backend.tests.test_advanced_features.TestGPSAPI" name="test_get_gps_coverage" time="0.048" /><testcase classname="backend.tests.test_advanced_features.TestLogicFunctionsAPI" name="test_get_functions_list" time="0.036" /></testsuite></testsuites>