<?xml version="1.0" encoding="utf-8"?><testsuites name="pytest tests"><testsuite name="pytest" errors="27" failures="0" skipped="0" tests="29" time="0.678" timestamp="2026-02-06T18:38:00.093267+00:00" hostname="agent-env-bd570d11-6897-4e1d-99de-f1354a0a41c1"><testcase classname="backend.tests.test_p1_features_iter12.TestTokenSurveyDistributions" name="test_create_distribution" time="0.342"><error message="failed on setup with &quot;AttributeError: 'list' object has no attribute 'get'&quot;">backend/tests/test_p1_features_iter12.py:46: in org_id
    orgs = res.json().get("organizations", [])
           ^^^^^^^^^^^^^^
E   AttributeError: 'list' object has no attribute 'get'</error></testcase><testcase classname="backend.tests.test_p1_features_iter12.TestTokenSurveyDistributions" name="test_list_distributions" time="0.000"><error message="failed on setup with &quot;AttributeError: 'list' object has no attribute 'get'&quot;">backend/tests/test_p1_features_iter12.py:46: in org_id
    orgs = res.json().get("organizations", [])
           ^^^^^^^^^^^^^^
E   AttributeError: 'list' object has no attribute 'get'</error></testcase><testcase classname="backend.tests.test_p1_features_iter12.TestTokenSurveyDistributions" name="test_get_distribution" time="0.000"><error message="failed on setup with &quot;AttributeError: 'list' object has no attribute 'get'&quot;">backend/tests/test_p1_features_iter12.py:46: in org_id
    orgs = res.json().get("organizations", [])
           ^^^^^^^^^^^^^^
E   AttributeError: 'list' object has no attribute 'get'</error></testcase><testcase classname="backend.tests.test_p1_features_iter12.TestTokenSurveyDistributions" name="test_activate_distribution" time="0.000"><error message="failed on setup with &quot;AttributeError: 'list' object has no attribute 'get'&quot;">backend/tests/test_p1_features_iter12.py:46: in org_id
    orgs = res.json().get("organizations", [])
           ^^^^^^^^^^^^^^
E   AttributeError: 'list' object has no attribute 'get'</error></testcase><testcase classname="backend.tests.test_p1_features_iter12.TestTokenSurveyInvites" name="test_create_invites" time="0.000"><error message="failed on setup with &quot;AttributeError: 'list' object has no attribute 'get'&quot;">backend/tests/test_p1_features_iter12.py:46: in org_id
    orgs = res.json().get("organizations", [])
           ^^^^^^^^^^^^^^
E   AttributeError: 'list' object has no attribute 'get'</error></testcase><testcase classname="backend.tests.test_p1_features_iter12.TestTokenSurveyInvites" name="test_list_invites" time="0.000"><error message="failed on setup with &quot;AttributeError: 'list' object has no attribute 'get'&quot;">backend/tests/test_p1_features_iter12.py:46: in org_id
    orgs = res.json().get("organizations", [])
           ^^^^^^^^^^^^^^
E   AttributeError: 'list' object has no attribute 'get'</error></testcase><testcase classname="backend.tests.test_p1_features_iter12.TestTokenSurveyPanels" name="test_create_panel" time="0.000"><error message="failed on setup with &quot;AttributeError: 'list' object has no attribute 'get'&quot;">backend/tests/test_p1_features_iter12.py:46: in org_id
    orgs = res.json().get("organizations", [])
           ^^^^^^^^^^^^^^
E   AttributeError: 'list' object has no attribute 'get'</error></testcase><testcase classname="backend.tests.test_p1_features_iter12.TestTokenSurveyPanels" name="test_list_panels" time="0.000"><error message="failed on setup with &quot;AttributeError: 'list' object has no attribute 'get'&quot;">backend/tests/test_p1_features_iter12.py:46: in org_id
    orgs = res.json().get("organizations", [])
           ^^^^^^^^^^^^^^
E   AttributeError: 'list' object has no attribute 'get'</error></testcase><testcase classname="backend.tests.test_p1_features_iter12.TestCATIProjects" name="test_create_cati_project" time="0.000"><error message="failed on setup with &quot;AttributeError: 'list' object has no attribute 'get'&quot;">backend/tests/test_p1_features_iter12.py:46: in org_id
    orgs = res.json().get("organizations", [])
           ^^^^^^^^^^^^^^
E   AttributeError: 'list' object has no attribute 'get'</error></testcase><testcase classname="backend.tests.test_p1_features_iter12.TestCATIProjects" name="test_list_cati_projects" time="0.000"><error message="failed on setup with &quot;AttributeError: 'list' object has no attribute 'get'&quot;">backend/tests/test_p1_features_iter12.py:46: in org_id
    orgs = res.json().get("organizations", [])
           ^^^^^^^^^^^^^^
E   AttributeError: 'list' object has no attribute 'get'</error></testcase><testcase classname="backend.tests.test_p1_features_iter12.TestCATIProjects" name="test_get_cati_project" time="0.000"><error message="failed on setup with &quot;AttributeError: 'list' object has no attribute 'get'&quot;">backend/tests/test_p1_features_iter12.py:46: in org_id
    orgs = res.json().get("organizations", [])
           ^^^^^^^^^^^^^^
E   AttributeError: 'list' object has no attribute 'get'</error></testcase><testcase classname="backend.tests.test_p1_features_iter12.TestCATIProjects" name="test_activate_cati_project" time="0.000"><error message="failed on setup with &quot;AttributeError: 'list' object has no attribute 'get'&quot;">backend/tests/test_p1_features_iter12.py:46: in org_id
    orgs = res.json().get("organizations", [])
           ^^^^^^^^^^^^^^
E   AttributeError: 'list' object has no attribute 'get'</error></testcase><testcase classname="backend.tests.test_p1_features_iter12.TestCATIQueue" name="test_add_to_queue" time="0.000"><error message="failed on setup with &quot;AttributeError: 'list' object has no attribute 'get'&quot;">backend/tests/test_p1_features_iter12.py:46: in org_id
    orgs = res.json().get("organizations", [])
           ^^^^^^^^^^^^^^
E   AttributeError: 'list' object has no attribute 'get'</error></testcase><testcase classname="backend.tests.test_p1_features_iter12.TestCATIQueue" name="test_get_queue" time="0.000"><error message="failed on setup with &quot;AttributeError: 'list' object has no attribute 'get'&quot;">backend/tests/test_p1_features_iter12.py:46: in org_id
    orgs = res.json().get("organizations", [])
           ^^^^^^^^^^^^^^
E   AttributeError: 'list' object has no attribute 'get'</error></testcase><testcase classname="backend.tests.test_p1_features_iter12.TestBackcheckConfigs" name="test_create_backcheck_config" time="0.000"><error message="failed on setup with &quot;AttributeError: 'list' object has no attribute 'get'&quot;">backend/tests/test_p1_features_iter12.py:46: in org_id
    orgs = res.json().get("organizations", [])
           ^^^^^^^^^^^^^^
E   AttributeError: 'list' object has no attribute 'get'</error></testcase><testcase classname="backend.tests.test_p1_features_iter12.TestBackcheckConfigs" name="test_list_backcheck_configs" time="0.000"><error message="failed on setup with &quot;AttributeError: 'list' object has no attribute 'get'&quot;">backend/tests/test_p1_features_iter12.py:46: in org_id
    orgs = res.json().get("organizations", [])
           ^^^^^^^^^^^^^^
E   AttributeError: 'list' object has no attribute 'get'</error></testcase><testcase classname="backend.tests.test_p1_features_iter12.TestBackcheckConfigs" name="test_get_backcheck_config" time="0.000"><error message="failed on setup with &quot;AttributeError: 'list' object has no attribute 'get'&quot;">backend/tests/test_p1_features_iter12.py:46: in org_id
    orgs = res.json().get("organizations", [])
           ^^^^^^^^^^^^^^
E   AttributeError: 'list' object has no attribute 'get'</error></testcase><testcase classname="backend.tests.test_p1_features_iter12.TestBackcheckQueue" name="test_get_backcheck_queue" time="0.000"><error message="failed on setup with &quot;AttributeError: 'list' object has no attribute 'get'&quot;">backend/tests/test_p1_features_iter12.py:46: in org_id
    orgs = res.json().get("organizations", [])
           ^^^^^^^^^^^^^^
E   AttributeError: 'list' object has no attribute 'get'</error></testcase><testcase classname="backend.tests.test_p1_features_iter12.TestBackcheckQueue" name="test_get_backcheck_summary_report" time="0.000"><error message="failed on setup with &quot;AttributeError: 'list' object has no attribute 'get'&quot;">backend/tests/test_p1_features_iter12.py:46: in org_id
    orgs = res.json().get("organizations", [])
           ^^^^^^^^^^^^^^
E   AttributeError: 'list' object has no attribute 'get'</error></testcase><testcase classname="backend.tests.test_p1_features_iter12.TestPreloadConfigs" name="test_create_preload_config" time="0.000"><error message="failed on setup with &quot;AttributeError: 'list' object has no attribute 'get'&quot;">backend/tests/test_p1_features_iter12.py:46: in org_id
    orgs = res.json().get("organizations", [])
           ^^^^^^^^^^^^^^
E   AttributeError: 'list' object has no attribute 'get'</error></testcase><testcase classname="backend.tests.test_p1_features_iter12.TestPreloadConfigs" name="test_list_preload_configs" time="0.000"><error message="failed on setup with &quot;AttributeError: 'list' object has no attribute 'get'&quot;">backend/tests/test_p1_features_iter12.py:46: in org_id
    orgs = res.json().get("organizations", [])
           ^^^^^^^^^^^^^^
E   AttributeError: 'list' object has no attribute 'get'</error></testcase><testcase classname="backend.tests.test_p1_features_iter12.TestPreloadConfigs" name="test_get_preload_config" time="0.000"><error message="failed on setup with &quot;AttributeError: 'list' object has no attribute 'get'&quot;">backend/tests/test_p1_features_iter12.py:46: in org_id
    orgs = res.json().get("organizations", [])
           ^^^^^^^^^^^^^^
E   AttributeError: 'list' object has no attribute 'get'</error></testcase><testcase classname="backend.tests.test_p1_features_iter12.TestPreloadConfigs" name="test_delete_preload_config" time="0.000"><error message="failed on setup with &quot;AttributeError: 'list' object has no attribute 'get'&quot;">backend/tests/test_p1_features_iter12.py:46: in org_id
    orgs = res.json().get("organizations", [])
           ^^^^^^^^^^^^^^
E   AttributeError: 'list' object has no attribute 'get'</error></testcase><testcase classname="backend.tests.test_p1_features_iter12.TestWritebackConfigs" name="test_create_writeback_config" time="0.000"><error message="failed on setup with &quot;AttributeError: 'list' object has no attribute 'get'&quot;">backend/tests/test_p1_features_iter12.py:46: in org_id
    orgs = res.json().get("organizations", [])
           ^^^^^^^^^^^^^^
E   AttributeError: 'list' object has no attribute 'get'</error></testcase><testcase classname="backend.tests.test_p1_features_iter12.TestWritebackConfigs" name="test_list_writeback_configs" time="0.000"><error message="failed on setup with &quot;AttributeError: 'list' object has no attribute 'get'&quot;">backend/tests/test_p1_features_iter12.py:46: in org_id
    orgs = res.json().get("organizations", [])
           ^^^^^^^^^^^^^^
E   AttributeError: 'list' object has no attribute 'get'</error></testcase><testcase classname="backend.tests.test_p1_features_iter12.TestPreloadLogs" name="test_get_preload_logs" time="0.000"><error message="failed on setup with &quot;AttributeError: 'list' object has no attribute 'get'&quot;">backend/tests/test_p1_features_iter12.py:46: in org_id
    orgs = res.json().get("organizations", [])
           ^^^^^^^^^^^^^^
E   AttributeError: 'list' object has no attribute 'get'</error></testcase><testcase classname="backend.tests.test_p1_features_iter12.TestPreloadLogs" name="test_get_writeback_logs" time="0.000"><error message="failed on setup with &quot;AttributeError: 'list' object has no attribute 'get'&quot;">backend/tests/test_p1_features_iter12.py:46: in org_id
    orgs = res.json().get("organizations", [])
           ^^^^^^^^^^^^^^
E   AttributeError: 'list' object has no attribute 'get'</error></testcase><testcase classname="backend.tests.test_p1_features_iter12.TestAPIHealth" name="test_api_root" time="0.039" /><testcase classname="backend.tests.test_p1_features_iter12.TestAPIHealth" name="test_health_check" time="0.036" /></testsuite></testsuites>