<?xml version="1.0" encoding="utf-8"?><testsuites name="pytest tests"><testsuite name="pytest" errors="0" failures="0" skipped="0" tests="15" time="6.469" timestamp="2026-02-16T11:54:32.716160+00:00" hostname="agent-env-1943f079-91ed-4d5a-898f-95ce6ca12fb3"><testcase classname="tests.test_docker_survey360_iter38.TestHealthCheck" name="test_health_endpoint_returns_healthy" time="0.162" /><testcase classname="tests.test_docker_survey360_iter38.TestHealthCheck" name="test_api_root_returns_info" time="0.116" /><testcase classname="tests.test_docker_survey360_iter38.TestSurvey360Auth" name="test_login_with_demo_credentials" time="0.106" /><testcase classname="tests.test_docker_survey360_iter38.TestSurvey360Auth" name="test_login_with_invalid_credentials" time="0.116" /><testcase classname="tests.test_docker_survey360_iter38.TestSurvey360Auth" name="test_get_current_user" time="0.254" /><testcase classname="tests.test_docker_survey360_iter38.TestHighThroughputSubmissions" name="test_single_submission" time="0.434" /><testcase classname="tests.test_docker_survey360_iter38.TestHighThroughputSubmissions" name="test_bulk_submission" time="0.399" /><testcase classname="tests.test_docker_survey360_iter38.TestHighThroughputSubmissions" name="test_submission_metrics" time="0.208" /><testcase classname="tests.test_docker_survey360_iter38.TestSurvey360Dashboard" name="test_dashboard_stats" time="0.213" /><testcase classname="tests.test_docker_survey360_iter38.TestSurvey360Dashboard" name="test_dashboard_activity" time="0.218" /><testcase classname="tests.test_docker_survey360_iter38.TestSurvey360Dashboard" name="test_usage_endpoint" time="0.233" /><testcase classname="tests.test_docker_survey360_iter38.TestSurvey360Surveys" name="test_list_surveys" time="0.224" /><testcase classname="tests.test_docker_survey360_iter38.TestSurvey360Surveys" name="test_create_and_get_survey" time="0.477" /><testcase classname="tests.test_docker_survey360_iter38.TestSurveyTemplates" name="test_list_templates" time="0.112" /><testcase classname="tests.test_docker_survey360_iter38.TestHelpAssistant" name="test_help_assistant_chat" time="3.112" /></testsuite></testsuites>