<?xml version="1.0" encoding="utf-8"?><testsuites name="pytest tests"><testsuite name="pytest" errors="0" failures="1" skipped="0" tests="20" time="2.224" timestamp="2026-02-16T15:32:10.167632+00:00" hostname="agent-env-1943f079-91ed-4d5a-898f-95ce6ca12fb3"><testcase classname="backend.tests.test_pricing_iter39.TestPricingPlansPublic" name="test_get_all_pricing_plans" time="0.286" /><testcase classname="backend.tests.test_pricing_iter39.TestPricingPlansPublic" name="test_free_plan_pricing" time="0.098" /><testcase classname="backend.tests.test_pricing_iter39.TestPricingPlansPublic" name="test_starter_plan_pricing" time="0.107" /><testcase classname="backend.tests.test_pricing_iter39.TestPricingPlansPublic" name="test_pro_plan_pricing" time="0.126" /><testcase classname="backend.tests.test_pricing_iter39.TestPricingPlansPublic" name="test_business_plan_pricing" time="0.077" /><testcase classname="backend.tests.test_pricing_iter39.TestPricingPlansPublic" name="test_enterprise_plan_custom_pricing" time="0.059" /><testcase classname="backend.tests.test_pricing_iter39.TestPricingPlansPublic" name="test_annual_discount_33_percent" time="0.066" /><testcase classname="backend.tests.test_pricing_iter39.TestTrialInfo" name="test_get_trial_info" time="0.058" /><testcase classname="backend.tests.test_pricing_iter39.TestTrialInfo" name="test_trial_includes_pro_features" time="0.062" /><testcase classname="backend.tests.test_pricing_iter39.TestCompareMatrix" name="test_get_compare_matrix" time="0.058" /><testcase classname="backend.tests.test_pricing_iter39.TestCompareMatrix" name="test_ai_assistant_gated_to_pro_plus" time="0.074" /><testcase classname="backend.tests.test_pricing_iter39.TestSubscriptionAuthenticated" name="test_get_subscription_requires_auth" time="0.067" /><testcase classname="backend.tests.test_pricing_iter39.TestSubscriptionAuthenticated" name="test_get_subscription_with_auth" time="0.123" /><testcase classname="backend.tests.test_pricing_iter39.TestSubscriptionAuthenticated" name="test_get_usage_requires_auth" time="0.177" /><testcase classname="backend.tests.test_pricing_iter39.TestSubscriptionAuthenticated" name="test_get_usage_with_auth" time="0.066" /><testcase classname="backend.tests.test_pricing_iter39.TestStartTrial" name="test_start_trial_requires_auth" time="0.091"><failure message="assert 400 == 401&#10; +  where 400 = &lt;Response [400]&gt;.status_code">backend/tests/test_pricing_iter39.py:240: in test_start_trial_requires_auth
    assert response.status_code == 401
E   assert 400 == 401
E    +  where 400 = &lt;Response [400]&gt;.status_code</failure></testcase><testcase classname="backend.tests.test_pricing_iter39.TestStartTrial" name="test_start_trial_with_auth" time="0.264" /><testcase classname="backend.tests.test_pricing_iter39.TestPlanFeatures" name="test_free_plan_features" time="0.085" /><testcase classname="backend.tests.test_pricing_iter39.TestPlanFeatures" name="test_pro_plan_features" time="0.077" /><testcase classname="backend.tests.test_pricing_iter39.TestPlanFeatures" name="test_enterprise_unlimited" time="0.066" /></testsuite></testsuites>