<?xml version="1.0" encoding="utf-8"?><testsuites name="pytest tests"><testsuite name="pytest" errors="0" failures="0" skipped="0" tests="18" time="2.301" timestamp="2026-02-09T08:11:32.011966+00:00" hostname="agent-env-cdef4762-a2f1-41f1-8222-e2166ca11506"><testcase classname="backend.tests.test_survey360_iter28.TestSurvey360Auth" name="test_login_success" time="0.087" /><testcase classname="backend.tests.test_survey360_iter28.TestSurvey360Auth" name="test_login_invalid_credentials" time="0.040" /><testcase classname="backend.tests.test_survey360_iter28.TestSurvey360Auth" name="test_auth_me_with_token" time="0.072" /><testcase classname="backend.tests.test_survey360_iter28.TestSurvey360Auth" name="test_auth_me_without_token" time="0.038" /><testcase classname="backend.tests.test_survey360_iter28.TestSurvey360Dashboard" name="test_dashboard_stats" time="0.089" /><testcase classname="backend.tests.test_survey360_iter28.TestSurvey360Dashboard" name="test_dashboard_activity" time="0.069" /><testcase classname="backend.tests.test_survey360_iter28.TestSurvey360Surveys" name="test_list_surveys" time="0.073" /><testcase classname="backend.tests.test_survey360_iter28.TestSurvey360Surveys" name="test_create_survey" time="0.117" /><testcase classname="backend.tests.test_survey360_iter28.TestSurvey360Surveys" name="test_get_survey_by_id" time="0.114" /><testcase classname="backend.tests.test_survey360_iter28.TestSurvey360Surveys" name="test_update_survey" time="0.225" /><testcase classname="backend.tests.test_survey360_iter28.TestSurvey360Surveys" name="test_publish_survey" time="0.181" /><testcase classname="backend.tests.test_survey360_iter28.TestSurvey360Surveys" name="test_duplicate_survey" time="0.217" /><testcase classname="backend.tests.test_survey360_iter28.TestSurvey360Surveys" name="test_delete_survey" time="0.197" /><testcase classname="backend.tests.test_survey360_iter28.TestSurvey360Responses" name="test_list_survey_responses" time="0.105" /><testcase classname="backend.tests.test_survey360_iter28.TestSurvey360PublicEndpoints" name="test_public_get_published_survey" time="0.111" /><testcase classname="backend.tests.test_survey360_iter28.TestSurvey360PublicEndpoints" name="test_public_submit_response" time="0.223" /><testcase classname="backend.tests.test_survey360_iter28.TestSurvey360PublicEndpoints" name="test_public_access_draft_survey_returns_404" time="0.145" /><testcase classname="backend.tests.test_survey360_iter28.TestSurvey360Organizations" name="test_list_organizations" time="0.072" /></testsuite></testsuites>