<?xml version="1.0" encoding="utf-8"?><testsuites name="pytest tests"><testsuite name="pytest" errors="0" failures="21" skipped="4" tests="48" time="8.275" timestamp="2026-02-06T21:30:25.225386+00:00" hostname="agent-env-b3fcf981-0360-40df-b561-ba095958f3b0"><testcase classname="backend.tests.test_comprehensive_iter14.TestAuthentication" name="test_login_success" time="0.348" /><testcase classname="backend.tests.test_comprehensive_iter14.TestAuthentication" name="test_login_invalid_credentials" time="0.036" /><testcase classname="backend.tests.test_comprehensive_iter14.TestAuthentication" name="test_get_current_user" time="0.296" /><testcase classname="backend.tests.test_comprehensive_iter14.TestHealthCheck" name="test_api_root" time="0.035" /><testcase classname="backend.tests.test_comprehensive_iter14.TestHealthCheck" name="test_health_endpoint" time="0.034" /><testcase classname="backend.tests.test_comprehensive_iter14.TestOrganizations" name="test_list_organizations" time="0.302" /><testcase classname="backend.tests.test_comprehensive_iter14.TestOrganizations" name="test_create_organization" time="0.037"><failure message="assert 422 == 200&#10; +  where 422 = &lt;Response [422]&gt;.status_code">backend/tests/test_comprehensive_iter14.py:161: in test_create_organization
    assert response.status_code == 200
E   assert 422 == 200
E    +  where 422 = &lt;Response [422]&gt;.status_code</failure></testcase><testcase classname="backend.tests.test_comprehensive_iter14.TestOrganizations" name="test_get_organization" time="0.075" /><testcase classname="backend.tests.test_comprehensive_iter14.TestOrganizations" name="test_get_org_members" time="0.032" /><testcase classname="backend.tests.test_comprehensive_iter14.TestProjects" name="test_list_projects" time="0.327" /><testcase classname="backend.tests.test_comprehensive_iter14.TestProjects" name="test_create_project" time="0.041" /><testcase classname="backend.tests.test_comprehensive_iter14.TestProjects" name="test_get_project" time="0.075" /><testcase classname="backend.tests.test_comprehensive_iter14.TestForms" name="test_list_forms" time="0.324" /><testcase classname="backend.tests.test_comprehensive_iter14.TestForms" name="test_create_form" time="0.068"><failure message="assert 422 == 200&#10; +  where 422 = &lt;Response [422]&gt;.status_code">backend/tests/test_comprehensive_iter14.py:231: in test_create_form
    assert response.status_code == 200
E   assert 422 == 200
E    +  where 422 = &lt;Response [422]&gt;.status_code</failure></testcase><testcase classname="backend.tests.test_comprehensive_iter14.TestDashboard" name="test_get_dashboard_stats" time="0.369" /><testcase classname="backend.tests.test_comprehensive_iter14.TestDashboard" name="test_get_submission_trends" time="0.036" /><testcase classname="backend.tests.test_comprehensive_iter14.TestDashboard" name="test_get_quality_metrics" time="0.033" /><testcase classname="backend.tests.test_comprehensive_iter14.TestCATI" name="test_list_cati_projects" time="0.323"><failure message="assert 405 == 200&#10; +  where 405 = &lt;Response [405]&gt;.status_code">backend/tests/test_comprehensive_iter14.py:274: in test_list_cati_projects
    assert response.status_code == 200
E   assert 405 == 200
E    +  where 405 = &lt;Response [405]&gt;.status_code</failure></testcase><testcase classname="backend.tests.test_comprehensive_iter14.TestCATI" name="test_create_cati_project" time="0.067"><skipped type="pytest.skip" message="Could not create form for CATI test">/app/backend/tests/test_comprehensive_iter14.py:288: Could not create form for CATI test</skipped></testcase><testcase classname="backend.tests.test_comprehensive_iter14.TestCATI" name="test_get_cati_workstation" time="0.032" /><testcase classname="backend.tests.test_comprehensive_iter14.TestBackcheck" name="test_list_backcheck_configs" time="0.324"><failure message="assert 405 == 200&#10; +  where 405 = &lt;Response [405]&gt;.status_code">backend/tests/test_comprehensive_iter14.py:316: in test_list_backcheck_configs
    assert response.status_code == 200
E   assert 405 == 200
E    +  where 405 = &lt;Response [405]&gt;.status_code</failure></testcase><testcase classname="backend.tests.test_comprehensive_iter14.TestBackcheck" name="test_create_backcheck_config" time="0.065"><failure message="assert 422 == 200&#10; +  where 422 = &lt;Response [422]&gt;.status_code">backend/tests/test_comprehensive_iter14.py:331: in test_create_backcheck_config
    assert response.status_code == 200
E   assert 422 == 200
E    +  where 422 = &lt;Response [422]&gt;.status_code</failure></testcase><testcase classname="backend.tests.test_comprehensive_iter14.TestBackcheck" name="test_get_enumerator_quality" time="0.042"><failure message="assert 404 == 200&#10; +  where 404 = &lt;Response [404]&gt;.status_code">backend/tests/test_comprehensive_iter14.py:338: in test_get_enumerator_quality
    assert response.status_code == 200
E   assert 404 == 200
E    +  where 404 = &lt;Response [404]&gt;.status_code</failure></testcase><testcase classname="backend.tests.test_comprehensive_iter14.TestTokenSurveys" name="test_list_distributions" time="0.326"><failure message="assert 405 == 200&#10; +  where 405 = &lt;Response [405]&gt;.status_code">backend/tests/test_comprehensive_iter14.py:347: in test_list_distributions
    assert response.status_code == 200
E   assert 405 == 200
E    +  where 405 = &lt;Response [405]&gt;.status_code</failure></testcase><testcase classname="backend.tests.test_comprehensive_iter14.TestTokenSurveys" name="test_create_distribution" time="0.069"><skipped type="pytest.skip" message="Could not create form for distribution test">/app/backend/tests/test_comprehensive_iter14.py:361: Could not create form for distribution test</skipped></testcase><testcase classname="backend.tests.test_comprehensive_iter14.TestQualityAI" name="test_create_speeding_config" time="0.365"><skipped type="pytest.skip" message="Could not create form">/app/backend/tests/test_comprehensive_iter14.py:392: Could not create form</skipped></testcase><testcase classname="backend.tests.test_comprehensive_iter14.TestQualityAI" name="test_get_speeding_configs" time="0.043" /><testcase classname="backend.tests.test_comprehensive_iter14.TestQualityAI" name="test_create_audio_audit_config" time="0.032"><skipped type="pytest.skip" message="Could not create form">/app/backend/tests/test_comprehensive_iter14.py:422: Could not create form</skipped></testcase><testcase classname="backend.tests.test_comprehensive_iter14.TestQualityAI" name="test_get_quality_alerts" time="0.036" /><testcase classname="backend.tests.test_comprehensive_iter14.TestQualityAI" name="test_get_alert_summary" time="0.040" /><testcase classname="backend.tests.test_comprehensive_iter14.TestPreloadWriteback" name="test_list_preload_configs" time="0.361"><failure message="assert 405 == 200&#10; +  where 405 = &lt;Response [405]&gt;.status_code">backend/tests/test_comprehensive_iter14.py:454: in test_list_preload_configs
    assert response.status_code == 200
E   assert 405 == 200
E    +  where 405 = &lt;Response [405]&gt;.status_code</failure></testcase><testcase classname="backend.tests.test_comprehensive_iter14.TestPreloadWriteback" name="test_list_writeback_configs" time="0.032"><failure message="assert 404 == 200&#10; +  where 404 = &lt;Response [404]&gt;.status_code">backend/tests/test_comprehensive_iter14.py:459: in test_list_writeback_configs
    assert response.status_code == 200
E   assert 404 == 200
E    +  where 404 = &lt;Response [404]&gt;.status_code</failure></testcase><testcase classname="backend.tests.test_comprehensive_iter14.TestDatasets" name="test_list_datasets" time="0.352"><failure message="assert 405 == 200&#10; +  where 405 = &lt;Response [405]&gt;.status_code">backend/tests/test_comprehensive_iter14.py:468: in test_list_datasets
    assert response.status_code == 200
E   assert 405 == 200
E    +  where 405 = &lt;Response [405]&gt;.status_code</failure></testcase><testcase classname="backend.tests.test_comprehensive_iter14.TestDatasets" name="test_create_dataset" time="0.044"><failure message="assert 405 == 200&#10; +  where 405 = &lt;Response [405]&gt;.status_code">backend/tests/test_comprehensive_iter14.py:483: in test_create_dataset
    assert response.status_code == 200
E   assert 405 == 200
E    +  where 405 = &lt;Response [405]&gt;.status_code</failure></testcase><testcase classname="backend.tests.test_comprehensive_iter14.TestAnalytics" name="test_get_analytics_overview" time="0.321"><failure message="assert 404 == 200&#10; +  where 404 = &lt;Response [404]&gt;.status_code">backend/tests/test_comprehensive_iter14.py:494: in test_get_analytics_overview
    assert response.status_code == 200
E   assert 404 == 200
E    +  where 404 = &lt;Response [404]&gt;.status_code</failure></testcase><testcase classname="backend.tests.test_comprehensive_iter14.TestAnalytics" name="test_get_form_analytics" time="0.033"><failure message="assert 404 == 200&#10; +  where 404 = &lt;Response [404]&gt;.status_code">backend/tests/test_comprehensive_iter14.py:499: in test_get_form_analytics
    assert response.status_code == 200
E   assert 404 == 200
E    +  where 404 = &lt;Response [404]&gt;.status_code</failure></testcase><testcase classname="backend.tests.test_comprehensive_iter14.TestRBAC" name="test_list_roles" time="0.349"><failure message="assert 404 == 200&#10; +  where 404 = &lt;Response [404]&gt;.status_code">backend/tests/test_comprehensive_iter14.py:508: in test_list_roles
    assert response.status_code == 200
E   assert 404 == 200
E    +  where 404 = &lt;Response [404]&gt;.status_code</failure></testcase><testcase classname="backend.tests.test_comprehensive_iter14.TestRBAC" name="test_get_permissions" time="0.032" /><testcase classname="backend.tests.test_comprehensive_iter14.TestWorkflows" name="test_list_workflows" time="0.369"><failure message="assert 404 == 200&#10; +  where 404 = &lt;Response [404]&gt;.status_code">backend/tests/test_comprehensive_iter14.py:522: in test_list_workflows
    assert response.status_code == 200
E   assert 404 == 200
E    +  where 404 = &lt;Response [404]&gt;.status_code</failure></testcase><testcase classname="backend.tests.test_comprehensive_iter14.TestWorkflows" name="test_create_workflow" time="0.031"><failure message="assert 404 == 200&#10; +  where 404 = &lt;Response [404]&gt;.status_code">backend/tests/test_comprehensive_iter14.py:533: in test_create_workflow
    assert response.status_code == 200
E   assert 404 == 200
E    +  where 404 = &lt;Response [404]&gt;.status_code</failure></testcase><testcase classname="backend.tests.test_comprehensive_iter14.TestTranslations" name="test_list_translation_projects" time="0.365"><failure message="assert 404 == 200&#10; +  where 404 = &lt;Response [404]&gt;.status_code">backend/tests/test_comprehensive_iter14.py:542: in test_list_translation_projects
    assert response.status_code == 200
E   assert 404 == 200
E    +  where 404 = &lt;Response [404]&gt;.status_code</failure></testcase><testcase classname="backend.tests.test_comprehensive_iter14.TestTranslations" name="test_get_supported_languages" time="0.031" /><testcase classname="backend.tests.test_comprehensive_iter14.TestSecurity" name="test_list_api_keys" time="0.363"><failure message="assert 404 == 200&#10; +  where 404 = &lt;Response [404]&gt;.status_code">backend/tests/test_comprehensive_iter14.py:556: in test_list_api_keys
    assert response.status_code == 200
E   assert 404 == 200
E    +  where 404 = &lt;Response [404]&gt;.status_code</failure></testcase><testcase classname="backend.tests.test_comprehensive_iter14.TestSecurity" name="test_get_audit_logs" time="0.030"><failure message="assert 404 == 200&#10; +  where 404 = &lt;Response [404]&gt;.status_code">backend/tests/test_comprehensive_iter14.py:561: in test_get_audit_logs
    assert response.status_code == 200
E   assert 404 == 200
E    +  where 404 = &lt;Response [404]&gt;.status_code</failure></testcase><testcase classname="backend.tests.test_comprehensive_iter14.TestAdmin" name="test_admin_dashboard" time="0.300" /><testcase classname="backend.tests.test_comprehensive_iter14.TestAdmin" name="test_admin_organizations" time="0.040" /><testcase classname="backend.tests.test_comprehensive_iter14.TestParadata" name="test_list_paradata_sessions" time="0.365"><failure message="assert 405 == 200&#10; +  where 405 = &lt;Response [405]&gt;.status_code">backend/tests/test_comprehensive_iter14.py:585: in test_list_paradata_sessions
    assert response.status_code == 200
E   assert 405 == 200
E    +  where 405 = &lt;Response [405]&gt;.status_code</failure></testcase><testcase classname="backend.tests.test_comprehensive_iter14.TestRevisions" name="test_list_correction_requests" time="0.319"><failure message="assert 405 == 200&#10; +  where 405 = &lt;Response [405]&gt;.status_code">backend/tests/test_comprehensive_iter14.py:594: in test_list_correction_requests
    assert response.status_code == 200
E   assert 405 == 200
E    +  where 405 = &lt;Response [405]&gt;.status_code</failure></testcase></testsuite></testsuites>